  [1m[35m (226.1ms)[0m  [1m[35mCREATE DATABASE "musicapp_development" ENCODING = 'unicode'[0m
  [1m[35m (72.4ms)[0m  [1m[35mCREATE DATABASE "musicapp_test" ENCODING = 'unicode'[0m
  [1m[35m (7.6ms)[0m  [1m[35mCREATE TABLE "schema_migrations" ("version" character varying NOT NULL PRIMARY KEY)[0m
  [1m[35m (2.6ms)[0m  [1m[35mCREATE TABLE "ar_internal_metadata" ("key" character varying NOT NULL PRIMARY KEY, "value" character varying, "created_at" timestamp(6) NOT NULL, "updated_at" timestamp(6) NOT NULL)[0m
  [1m[35m (0.3ms)[0m  [1m[34mSELECT pg_try_advisory_lock(6582489708232696860)[0m
  [1m[35m (0.7ms)[0m  [1m[34mSELECT "schema_migrations"."version" FROM "schema_migrations" ORDER BY "schema_migrations"."version" ASC[0m
Migrating to CreateUsers (20220601173828)
  [1m[36mTRANSACTION (0.2ms)[0m  [1m[35mBEGIN[0m
  [1m[35m (44.2ms)[0m  [1m[35mCREATE TABLE "users" ("id" bigserial primary key, "email" character varying NOT NULL, "password_digest" character varying NOT NULL, "session_token" character varying NOT NULL, "created_at" timestamp(6) NOT NULL, "updated_at" timestamp(6) NOT NULL)[0m
  [1m[35m (1.4ms)[0m  [1m[35mCREATE UNIQUE INDEX "index_users_on_email" ON "users" ("email")[0m
  [1m[35m (1.0ms)[0m  [1m[35mCREATE INDEX "index_users_on_session_token" ON "users" ("session_token")[0m
  [1m[36mActiveRecord::SchemaMigration Create (0.6ms)[0m  [1m[32mINSERT INTO "schema_migrations" ("version") VALUES ($1) RETURNING "version"[0m  [["version", "20220601173828"]]
  [1m[36mTRANSACTION (0.5ms)[0m  [1m[35mCOMMIT[0m
  [1m[36mActiveRecord::InternalMetadata Load (0.5ms)[0m  [1m[34mSELECT "ar_internal_metadata".* FROM "ar_internal_metadata" WHERE "ar_internal_metadata"."key" = $1 LIMIT $2[0m  [["key", "environment"], ["LIMIT", 1]]
  [1m[36mTRANSACTION (0.1ms)[0m  [1m[35mBEGIN[0m
  [1m[36mActiveRecord::InternalMetadata Create (0.8ms)[0m  [1m[32mINSERT INTO "ar_internal_metadata" ("key", "value", "created_at", "updated_at") VALUES ($1, $2, $3, $4) RETURNING "key"[0m  [["key", "environment"], ["value", "development"], ["created_at", "2022-06-01 17:41:30.142042"], ["updated_at", "2022-06-01 17:41:30.142042"]]
  [1m[36mTRANSACTION (40.2ms)[0m  [1m[35mCOMMIT[0m
  [1m[35m (0.5ms)[0m  [1m[34mSELECT pg_advisory_unlock(6582489708232696860)[0m
  [1m[35m (0.8ms)[0m  [1m[34mSELECT "schema_migrations"."version" FROM "schema_migrations" ORDER BY "schema_migrations"."version" ASC[0m
  [1m[35m (0.5ms)[0m  [1m[34mSELECT "schema_migrations"."version" FROM "schema_migrations" ORDER BY "schema_migrations"."version" ASC[0m
Started GET "/" for 127.51.68.120 at 2022-06-01 15:12:40 -0700
  [1m[35m (1.3ms)[0m  [1m[34mSELECT "schema_migrations"."version" FROM "schema_migrations" ORDER BY "schema_migrations"."version" ASC[0m
Processing by Rails::WelcomeController#index as HTML
  Rendering /Users/peter/.rbenv/versions/2.5.1/lib/ruby/gems/2.5.0/gems/railties-6.1.6/lib/rails/templates/rails/welcome/index.html.erb
  Rendered /Users/peter/.rbenv/versions/2.5.1/lib/ruby/gems/2.5.0/gems/railties-6.1.6/lib/rails/templates/rails/welcome/index.html.erb (Duration: 15.4ms | Allocations: 532)
Completed 200 OK in 33ms (Views: 19.5ms | ActiveRecord: 0.0ms | Allocations: 4406)


Started GET "/user" for 127.51.68.120 at 2022-06-01 15:13:35 -0700

ActionController::RoutingError - uninitialized constant UserController
Did you mean?  UsersController:

Started POST "/__better_errors/bf5fad397b3deb53/variables" for 127.51.68.120 at 2022-06-01 15:13:36 -0700
Started GET "/users" for 127.51.68.120 at 2022-06-01 15:13:43 -0700
  
ActionController::RoutingError (No route matches [GET] "/users"):
  
Started POST "/__better_errors/bf5fad397b3deb53/variables" for 127.51.68.120 at 2022-06-01 15:13:45 -0700
Started GET "/user" for 127.51.68.120 at 2022-06-01 15:13:59 -0700
  
ActionController::RoutingError (No route matches [GET] "/user"):
  
Started GET "/user" for 127.51.68.120 at 2022-06-01 15:15:00 -0700
  
ActionController::RoutingError (No route matches [GET] "/user"):
  
Started GET "/users" for 127.51.68.120 at 2022-06-01 15:15:03 -0700

AbstractController::ActionNotFound - The action 'index' could not be found for UsersController:

Started POST "/__better_errors/c4aad2f8195de31c/variables" for 127.51.68.120 at 2022-06-01 15:15:03 -0700
Started GET "/new" for 127.51.68.120 at 2022-06-01 15:15:13 -0700
  
ActionController::RoutingError (No route matches [GET] "/new"):
  
Started GET "/user/new" for 127.51.68.120 at 2022-06-01 15:15:17 -0700
  
ActionController::RoutingError (No route matches [GET] "/user/new"):
  
Started GET "/users/new" for 127.51.68.120 at 2022-06-01 15:15:51 -0700
Processing by UsersController#new as HTML
Completed 500 Internal Server Error in 25ms (ActiveRecord: 0.0ms | Allocations: 9662)



SyntaxError - syntax error, unexpected keyword_end, expecting end-of-input:
  app/models/user.rb:52:in `'
  app/controllers/users_controller.rb:4:in `new'

Started POST "/__better_errors/39be8cd94ef40bef/variables" for 127.51.68.120 at 2022-06-01 15:15:51 -0700
Started POST "/__better_errors/39be8cd94ef40bef/variables" for 127.51.68.120 at 2022-06-01 15:16:48 -0700
Started GET "/users/new" for 127.51.68.120 at 2022-06-01 15:18:56 -0700
  [1m[35m (1.2ms)[0m  [1m[34mSELECT "schema_migrations"."version" FROM "schema_migrations" ORDER BY "schema_migrations"."version" ASC[0m
Processing by UsersController#new as HTML
  Rendering layout layouts/application.html.erb
  Rendering users/new.html.erb within layouts/application
  Rendered users/new.html.erb within layouts/application (Duration: 1.8ms | Allocations: 500)
[Webpacker] Compiling...
[Webpacker] Compiled all packs in /Users/peter/Desktop/aa/aa_classwork/w7d3/musicapp/public/packs
[Webpacker] Hash: 50e3bf4ccc35a838f1be
Version: webpack 4.46.0
Time: 1489ms
Built at: 06/01/2022 3:19:00 PM
                                     Asset       Size       Chunks                         Chunk Names
    js/application-7d583ba8e3595cd67db2.js    125 KiB  application  [emitted] [immutable]  application
js/application-7d583ba8e3595cd67db2.js.map    139 KiB  application  [emitted] [dev]        application
                             manifest.json  364 bytes               [emitted]              
Entrypoint application = js/application-7d583ba8e3595cd67db2.js js/application-7d583ba8e3595cd67db2.js.map
[./app/javascript/channels sync recursive _channel\.js$] ./app/javascript/channels sync _channel\.js$ 160 bytes {application} [built]
[./app/javascript/channels/index.js] 211 bytes {application} [built]
[./app/javascript/packs/application.js] 492 bytes {application} [built]
[./node_modules/webpack/buildin/module.js] (webpack)/buildin/module.js 552 bytes {application} [built]
    + 3 hidden modules

  Rendered layout layouts/application.html.erb (Duration: 3778.3ms | Allocations: 35796)
Completed 200 OK in 3812ms (Views: 3786.5ms | ActiveRecord: 5.2ms | Allocations: 45457)


Started POST "/users/new" for 127.51.68.120 at 2022-06-01 15:19:07 -0700
  
ActionController::RoutingError (No route matches [POST] "/users/new"):
  
Started GET "/users/new" for 127.51.68.120 at 2022-06-01 15:20:36 -0700
Processing by UsersController#new as HTML
  Rendering layout layouts/application.html.erb
  Rendering users/new.html.erb within layouts/application
  Rendered users/new.html.erb within layouts/application (Duration: 0.3ms | Allocations: 79)
[Webpacker] Everything's up-to-date. Nothing to do
  Rendered layout layouts/application.html.erb (Duration: 8.5ms | Allocations: 5637)
Completed 200 OK in 19411ms (Views: 9.9ms | ActiveRecord: 3.9ms | Allocations: 65722)


Started POST "/users/new" for 127.51.68.120 at 2022-06-01 15:21:04 -0700
  
ActionController::RoutingError (No route matches [POST] "/users/new"):
  
Started GET "/users/new" for 127.51.68.120 at 2022-06-01 15:22:06 -0700
Processing by UsersController#new as HTML
  Rendering layout layouts/application.html.erb
  Rendering users/new.html.erb within layouts/application
  Rendered users/new.html.erb within layouts/application (Duration: 0.3ms | Allocations: 73)
[Webpacker] Everything's up-to-date. Nothing to do
  Rendered layout layouts/application.html.erb (Duration: 14.9ms | Allocations: 15616)
Completed 200 OK in 19236ms (Views: 15.8ms | ActiveRecord: 0.0ms | Allocations: 18153)


Started POST "/users/new" for 127.51.68.120 at 2022-06-01 15:22:30 -0700
  
ActionController::RoutingError (No route matches [POST] "/users/new"):
  
Started GET "/users/new" for 127.51.68.120 at 2022-06-01 15:22:58 -0700
  [1m[35m (1.4ms)[0m  [1m[34mSELECT "schema_migrations"."version" FROM "schema_migrations" ORDER BY "schema_migrations"."version" ASC[0m
Processing by UsersController#new as HTML
  Rendering layout layouts/application.html.erb
  Rendering users/new.html.erb within layouts/application
  Rendered users/new.html.erb within layouts/application (Duration: 1.3ms | Allocations: 500)
[Webpacker] Everything's up-to-date. Nothing to do
  Rendered layout layouts/application.html.erb (Duration: 14.7ms | Allocations: 8764)
Completed 200 OK in 43ms (Views: 20.1ms | ActiveRecord: 4.6ms | Allocations: 18483)


Started POST "/users/new" for 127.51.68.120 at 2022-06-01 15:23:00 -0700
  
ActionController::RoutingError (No route matches [POST] "/users/new"):
  
Started GET "/users/new" for 127.51.68.120 at 2022-06-01 15:23:40 -0700
Processing by UsersController#new as HTML
  Rendering layout layouts/application.html.erb
  Rendering users/new.html.erb within layouts/application
  Rendered users/new.html.erb within layouts/application (Duration: 0.4ms | Allocations: 191)
[Webpacker] Everything's up-to-date. Nothing to do
  Rendered layout layouts/application.html.erb (Duration: 7.4ms | Allocations: 6005)
Completed 200 OK in 10ms (Views: 9.4ms | ActiveRecord: 0.0ms | Allocations: 7216)


Started POST "/users" for 127.51.68.120 at 2022-06-01 15:23:44 -0700
Processing by UsersController#create as HTML
  Parameters: {"user"=>{"email"=>"ne", "password"=>"[FILTERED]"}}
Can't verify CSRF token authenticity.
Completed 422 Unprocessable Entity in 1ms (ActiveRecord: 0.0ms | Allocations: 1008)



ActionController::InvalidAuthenticityToken - ActionController::InvalidAuthenticityToken:

Started POST "/__better_errors/91abc6e874a156f7/variables" for 127.51.68.120 at 2022-06-01 15:23:44 -0700
Started GET "/users/new" for 127.51.68.120 at 2022-06-01 15:25:48 -0700
Processing by UsersController#new as HTML
  Rendering layout layouts/application.html.erb
  Rendering users/new.html.erb within layouts/application
  Rendered users/new.html.erb within layouts/application (Duration: 0.6ms | Allocations: 232)
[Webpacker] Everything's up-to-date. Nothing to do
  Rendered layout layouts/application.html.erb (Duration: 9.6ms | Allocations: 6042)
Completed 200 OK in 13ms (Views: 12.1ms | ActiveRecord: 0.0ms | Allocations: 7241)


Started POST "/users" for 127.51.68.120 at 2022-06-01 15:25:51 -0700
Processing by UsersController#create as HTML
  Parameters: {"authenticity_token"=>"[FILTERED]", "user"=>{"email"=>"new", "password"=>"[FILTERED]"}}
Completed 500 Internal Server Error in 3ms (ActiveRecord: 0.0ms | Allocations: 1907)



NoMethodError - undefined method `password' for BCrypt:Module:
  app/models/user.rb:27:in `password='
  app/controllers/users_controller.rb:10:in `create'

Started POST "/__better_errors/b74bddba705d0f78/variables" for 127.51.68.120 at 2022-06-01 15:25:51 -0700
Started GET "/users/new" for 127.51.68.120 at 2022-06-01 15:26:12 -0700
Processing by UsersController#new as HTML
  Rendering layout layouts/application.html.erb
  Rendering users/new.html.erb within layouts/application
  Rendered users/new.html.erb within layouts/application (Duration: 0.3ms | Allocations: 100)
[Webpacker] Everything's up-to-date. Nothing to do
  Rendered layout layouts/application.html.erb (Duration: 7.5ms | Allocations: 5697)
Completed 200 OK in 19ms (Views: 8.2ms | ActiveRecord: 4.2ms | Allocations: 11030)


Started POST "/users" for 127.51.68.120 at 2022-06-01 15:26:15 -0700
Processing by UsersController#create as HTML
  Parameters: {"authenticity_token"=>"[FILTERED]", "user"=>{"email"=>"new", "password"=>"[FILTERED]"}}
  [1m[36mTRANSACTION (1.1ms)[0m  [1m[35mBEGIN[0m
  ↳ app/controllers/users_controller.rb:10:in `create'
  [1m[36mUser Exists? (45.2ms)[0m  [1m[34mSELECT 1 AS one FROM "users" WHERE "users"."email" = $1 LIMIT $2[0m  [["email", "new"], ["LIMIT", 1]]
  ↳ app/controllers/users_controller.rb:10:in `create'
  [1m[36mUser Exists? (1.6ms)[0m  [1m[34mSELECT 1 AS one FROM "users" WHERE "users"."session_token" = $1 LIMIT $2[0m  [["session_token", "yROMoxiwe_Gqc5puAHiQ7Q"], ["LIMIT", 1]]
  ↳ app/controllers/users_controller.rb:10:in `create'
  [1m[36mTRANSACTION (0.8ms)[0m  [1m[31mROLLBACK[0m
  ↳ app/controllers/users_controller.rb:10:in `create'
  [1m[36mTRANSACTION (1.0ms)[0m  [1m[35mBEGIN[0m
  ↳ app/controllers/users_controller.rb:12:in `create'
  [1m[36mUser Exists? (1.1ms)[0m  [1m[34mSELECT 1 AS one FROM "users" WHERE "users"."email" = $1 LIMIT $2[0m  [["email", "new"], ["LIMIT", 1]]
  ↳ app/controllers/users_controller.rb:12:in `create'
  [1m[36mUser Exists? (1.4ms)[0m  [1m[34mSELECT 1 AS one FROM "users" WHERE "users"."session_token" = $1 LIMIT $2[0m  [["session_token", "yROMoxiwe_Gqc5puAHiQ7Q"], ["LIMIT", 1]]
  ↳ app/controllers/users_controller.rb:12:in `create'
  [1m[36mTRANSACTION (0.7ms)[0m  [1m[31mROLLBACK[0m
  ↳ app/controllers/users_controller.rb:12:in `create'
Completed 422 Unprocessable Entity in 6105ms (ActiveRecord: 52.9ms | Allocations: 68126)



ActiveRecord::RecordInvalid - Validation failed: Password is too short (minimum is 6 characters):
  app/controllers/users_controller.rb:12:in `create'

Started POST "/__better_errors/2b8b2f4415087198/variables" for 127.51.68.120 at 2022-06-01 15:26:21 -0700
Started GET "/users/new" for 127.51.68.120 at 2022-06-01 15:26:31 -0700
Processing by UsersController#new as HTML
  Rendering layout layouts/application.html.erb
  Rendering users/new.html.erb within layouts/application
  Rendered users/new.html.erb within layouts/application (Duration: 0.2ms | Allocations: 94)
[Webpacker] Everything's up-to-date. Nothing to do
  Rendered layout layouts/application.html.erb (Duration: 7.5ms | Allocations: 5715)
Completed 200 OK in 9ms (Views: 8.0ms | ActiveRecord: 0.0ms | Allocations: 6164)


Started POST "/users" for 127.51.68.120 at 2022-06-01 15:26:39 -0700
Processing by UsersController#create as HTML
  Parameters: {"authenticity_token"=>"[FILTERED]", "user"=>{"email"=>"wijbrgpiabsgpisb", "password"=>"[FILTERED]"}}
  [1m[36mTRANSACTION (0.8ms)[0m  [1m[35mBEGIN[0m
  ↳ app/controllers/users_controller.rb:10:in `create'
  [1m[36mUser Exists? (1.1ms)[0m  [1m[34mSELECT 1 AS one FROM "users" WHERE "users"."email" = $1 LIMIT $2[0m  [["email", "wijbrgpiabsgpisb"], ["LIMIT", 1]]
  ↳ app/controllers/users_controller.rb:10:in `create'
  [1m[36mUser Exists? (1.0ms)[0m  [1m[34mSELECT 1 AS one FROM "users" WHERE "users"."session_token" = $1 LIMIT $2[0m  [["session_token", "lUk1hMO3WUWkU3xNAkKxmg"], ["LIMIT", 1]]
  ↳ app/controllers/users_controller.rb:10:in `create'
  [1m[36mUser Create (2.3ms)[0m  [1m[32mINSERT INTO "users" ("email", "password_digest", "session_token", "created_at", "updated_at") VALUES ($1, $2, $3, $4, $5) RETURNING "id"[0m  [["email", "wijbrgpiabsgpisb"], ["password_digest", "$2a$12$8gF.9EF6YOdF2ii3aebsF.5NF6PUYIznexo1HFpQENG9OtT9QZjZm"], ["session_token", "lUk1hMO3WUWkU3xNAkKxmg"], ["created_at", "2022-06-01 22:26:39.433667"], ["updated_at", "2022-06-01 22:26:39.433667"]]
  ↳ app/controllers/users_controller.rb:10:in `create'
  [1m[36mTRANSACTION (0.9ms)[0m  [1m[35mCOMMIT[0m
  ↳ app/controllers/users_controller.rb:10:in `create'
  [1m[36mTRANSACTION (1.2ms)[0m  [1m[35mBEGIN[0m
  ↳ app/controllers/users_controller.rb:12:in `create'
  [1m[36mUser Exists? (1.4ms)[0m  [1m[34mSELECT 1 AS one FROM "users" WHERE "users"."email" = $1 AND "users"."id" != $2 LIMIT $3[0m  [["email", "wijbrgpiabsgpisb"], ["id", 1], ["LIMIT", 1]]
  ↳ app/controllers/users_controller.rb:12:in `create'
  [1m[36mUser Exists? (1.4ms)[0m  [1m[34mSELECT 1 AS one FROM "users" WHERE "users"."session_token" = $1 AND "users"."id" != $2 LIMIT $3[0m  [["session_token", "lUk1hMO3WUWkU3xNAkKxmg"], ["id", 1], ["LIMIT", 1]]
  ↳ app/controllers/users_controller.rb:12:in `create'
  [1m[36mTRANSACTION (1.0ms)[0m  [1m[35mCOMMIT[0m
  ↳ app/controllers/users_controller.rb:12:in `create'
Completed 500 Internal Server Error in 3581ms (ActiveRecord: 11.0ms | Allocations: 12416)



NameError - undefined local variable or method `user' for #<UsersController:0x007fac70771a40>
Did you mean?  @user:
  app/controllers/application_controller.rb:10:in `login!'
  app/controllers/users_controller.rb:13:in `create'

Started POST "/__better_errors/d05f299da932d2e6/variables" for 127.51.68.120 at 2022-06-01 15:26:42 -0700
Started GET "/users/new" for 127.51.68.120 at 2022-06-01 15:27:35 -0700
Processing by UsersController#new as HTML
  Rendering layout layouts/application.html.erb
  Rendering users/new.html.erb within layouts/application
  Rendered users/new.html.erb within layouts/application (Duration: 0.3ms | Allocations: 100)
[Webpacker] Everything's up-to-date. Nothing to do
  Rendered layout layouts/application.html.erb (Duration: 7.6ms | Allocations: 5699)
Completed 200 OK in 20ms (Views: 8.3ms | ActiveRecord: 4.1ms | Allocations: 11035)


Started POST "/users" for 127.51.68.120 at 2022-06-01 15:27:42 -0700
Processing by UsersController#create as HTML
  Parameters: {"authenticity_token"=>"[FILTERED]", "user"=>{"email"=>"newnew", "password"=>"[FILTERED]"}}
  [1m[36mTRANSACTION (0.8ms)[0m  [1m[35mBEGIN[0m
  ↳ app/controllers/users_controller.rb:10:in `create'
  [1m[36mUser Exists? (1.3ms)[0m  [1m[34mSELECT 1 AS one FROM "users" WHERE "users"."email" = $1 LIMIT $2[0m  [["email", "newnew"], ["LIMIT", 1]]
  ↳ app/controllers/users_controller.rb:10:in `create'
  [1m[36mUser Exists? (1.0ms)[0m  [1m[34mSELECT 1 AS one FROM "users" WHERE "users"."session_token" = $1 LIMIT $2[0m  [["session_token", "VdYebkfLQOBWSm3Si9il-Q"], ["LIMIT", 1]]
  ↳ app/controllers/users_controller.rb:10:in `create'
  [1m[36mUser Create (0.8ms)[0m  [1m[32mINSERT INTO "users" ("email", "password_digest", "session_token", "created_at", "updated_at") VALUES ($1, $2, $3, $4, $5) RETURNING "id"[0m  [["email", "newnew"], ["password_digest", "$2a$12$N0TELhY1gXWJcGSkHOFuYufSQLHESkAY.vZd/6KRgBDRZLBrpov9q"], ["session_token", "VdYebkfLQOBWSm3Si9il-Q"], ["created_at", "2022-06-01 22:27:42.741094"], ["updated_at", "2022-06-01 22:27:42.741094"]]
  ↳ app/controllers/users_controller.rb:10:in `create'
  [1m[36mTRANSACTION (1.4ms)[0m  [1m[35mCOMMIT[0m
  ↳ app/controllers/users_controller.rb:10:in `create'
  [1m[36mTRANSACTION (0.9ms)[0m  [1m[35mBEGIN[0m
  ↳ app/controllers/users_controller.rb:12:in `create'
  [1m[36mUser Exists? (1.2ms)[0m  [1m[34mSELECT 1 AS one FROM "users" WHERE "users"."email" = $1 AND "users"."id" != $2 LIMIT $3[0m  [["email", "newnew"], ["id", 2], ["LIMIT", 1]]
  ↳ app/controllers/users_controller.rb:12:in `create'
  [1m[36mUser Exists? (1.4ms)[0m  [1m[34mSELECT 1 AS one FROM "users" WHERE "users"."session_token" = $1 AND "users"."id" != $2 LIMIT $3[0m  [["session_token", "VdYebkfLQOBWSm3Si9il-Q"], ["id", 2], ["LIMIT", 1]]
  ↳ app/controllers/users_controller.rb:12:in `create'
  [1m[36mTRANSACTION (1.1ms)[0m  [1m[35mCOMMIT[0m
  ↳ app/controllers/users_controller.rb:12:in `create'
Completed 500 Internal Server Error in 3414ms (ActiveRecord: 9.8ms | Allocations: 12419)



NameError - undefined local variable or method `user' for #<UsersController:0x007fac7703c458>
Did you mean?  @user:
  app/controllers/application_controller.rb:11:in `login!'
  app/controllers/users_controller.rb:13:in `create'

Started POST "/__better_errors/a237f5d12ce676c2/variables" for 127.51.68.120 at 2022-06-01 15:27:45 -0700
Started GET "/users/new" for 127.51.68.120 at 2022-06-01 15:27:57 -0700
  [1m[35m (0.8ms)[0m  [1m[34mSELECT "schema_migrations"."version" FROM "schema_migrations" ORDER BY "schema_migrations"."version" ASC[0m
Processing by UsersController#new as HTML
  Rendering layout layouts/application.html.erb
  Rendering users/new.html.erb within layouts/application
  Rendered users/new.html.erb within layouts/application (Duration: 1.6ms | Allocations: 547)
[Webpacker] Everything's up-to-date. Nothing to do
  Rendered layout layouts/application.html.erb (Duration: 14.2ms | Allocations: 8801)
Completed 200 OK in 40ms (Views: 19.5ms | ActiveRecord: 4.4ms | Allocations: 18520)


Started POST "/users" for 127.51.68.120 at 2022-06-01 15:28:01 -0700
Processing by UsersController#create as HTML
  Parameters: {"authenticity_token"=>"[FILTERED]", "user"=>{"email"=>"newnew", "password"=>"[FILTERED]"}}
  [1m[36mTRANSACTION (0.8ms)[0m  [1m[35mBEGIN[0m
  ↳ app/controllers/users_controller.rb:10:in `create'
  [1m[36mUser Exists? (1.5ms)[0m  [1m[34mSELECT 1 AS one FROM "users" WHERE "users"."email" = $1 LIMIT $2[0m  [["email", "newnew"], ["LIMIT", 1]]
  ↳ app/controllers/users_controller.rb:10:in `create'
  [1m[36mUser Exists? (1.1ms)[0m  [1m[34mSELECT 1 AS one FROM "users" WHERE "users"."session_token" = $1 LIMIT $2[0m  [["session_token", "Wlfh5x_ZQ3aNpPj_WVRWLA"], ["LIMIT", 1]]
  ↳ app/controllers/users_controller.rb:10:in `create'
  [1m[36mTRANSACTION (0.6ms)[0m  [1m[31mROLLBACK[0m
  ↳ app/controllers/users_controller.rb:10:in `create'
  [1m[36mTRANSACTION (1.3ms)[0m  [1m[35mBEGIN[0m
  ↳ app/controllers/users_controller.rb:12:in `create'
  [1m[36mUser Exists? (1.3ms)[0m  [1m[34mSELECT 1 AS one FROM "users" WHERE "users"."email" = $1 LIMIT $2[0m  [["email", "newnew"], ["LIMIT", 1]]
  ↳ app/controllers/users_controller.rb:12:in `create'
  [1m[36mUser Exists? (1.0ms)[0m  [1m[34mSELECT 1 AS one FROM "users" WHERE "users"."session_token" = $1 LIMIT $2[0m  [["session_token", "Wlfh5x_ZQ3aNpPj_WVRWLA"], ["LIMIT", 1]]
  ↳ app/controllers/users_controller.rb:12:in `create'
  [1m[36mTRANSACTION (0.8ms)[0m  [1m[31mROLLBACK[0m
  ↳ app/controllers/users_controller.rb:12:in `create'
Completed 422 Unprocessable Entity in 2948ms (ActiveRecord: 8.3ms | Allocations: 66131)



ActiveRecord::RecordInvalid - Validation failed: Email has already been taken:
  app/controllers/users_controller.rb:12:in `create'

Started POST "/__better_errors/c21c0535f33234d8/variables" for 127.51.68.120 at 2022-06-01 15:28:04 -0700
Started GET "/users/new" for 127.51.68.120 at 2022-06-01 15:28:24 -0700
Processing by UsersController#new as HTML
  Rendering layout layouts/application.html.erb
  Rendering users/new.html.erb within layouts/application
  Rendered users/new.html.erb within layouts/application (Duration: 0.2ms | Allocations: 98)
[Webpacker] Everything's up-to-date. Nothing to do
  Rendered layout layouts/application.html.erb (Duration: 6.9ms | Allocations: 5719)
Completed 200 OK in 8ms (Views: 7.4ms | ActiveRecord: 0.0ms | Allocations: 6169)


Started POST "/users" for 127.51.68.120 at 2022-06-01 15:28:29 -0700
Processing by UsersController#create as HTML
  Parameters: {"authenticity_token"=>"[FILTERED]", "user"=>{"email"=>"newnew1", "password"=>"[FILTERED]"}}
  [1m[36mTRANSACTION (0.7ms)[0m  [1m[35mBEGIN[0m
  ↳ app/controllers/users_controller.rb:10:in `create'
  [1m[36mUser Exists? (1.0ms)[0m  [1m[34mSELECT 1 AS one FROM "users" WHERE "users"."email" = $1 LIMIT $2[0m  [["email", "newnew1"], ["LIMIT", 1]]
  ↳ app/controllers/users_controller.rb:10:in `create'
  [1m[36mUser Exists? (0.9ms)[0m  [1m[34mSELECT 1 AS one FROM "users" WHERE "users"."session_token" = $1 LIMIT $2[0m  [["session_token", "N89C_oa64HwPol-I8sifUg"], ["LIMIT", 1]]
  ↳ app/controllers/users_controller.rb:10:in `create'
  [1m[36mUser Create (1.1ms)[0m  [1m[32mINSERT INTO "users" ("email", "password_digest", "session_token", "created_at", "updated_at") VALUES ($1, $2, $3, $4, $5) RETURNING "id"[0m  [["email", "newnew1"], ["password_digest", "$2a$12$tOmoRL3kdnB35D0hHFspqOUFMN22nPY/15VY3Z351DHKYYvsCOJry"], ["session_token", "N89C_oa64HwPol-I8sifUg"], ["created_at", "2022-06-01 22:28:30.160068"], ["updated_at", "2022-06-01 22:28:30.160068"]]
  ↳ app/controllers/users_controller.rb:10:in `create'
  [1m[36mTRANSACTION (1.5ms)[0m  [1m[35mCOMMIT[0m
  ↳ app/controllers/users_controller.rb:10:in `create'
  [1m[36mTRANSACTION (1.0ms)[0m  [1m[35mBEGIN[0m
  ↳ app/controllers/users_controller.rb:12:in `create'
  [1m[36mUser Exists? (1.3ms)[0m  [1m[34mSELECT 1 AS one FROM "users" WHERE "users"."email" = $1 AND "users"."id" != $2 LIMIT $3[0m  [["email", "newnew1"], ["id", 3], ["LIMIT", 1]]
  ↳ app/controllers/users_controller.rb:12:in `create'
  [1m[36mUser Exists? (0.9ms)[0m  [1m[34mSELECT 1 AS one FROM "users" WHERE "users"."session_token" = $1 AND "users"."id" != $2 LIMIT $3[0m  [["session_token", "N89C_oa64HwPol-I8sifUg"], ["id", 3], ["LIMIT", 1]]
  ↳ app/controllers/users_controller.rb:12:in `create'
  [1m[36mTRANSACTION (0.7ms)[0m  [1m[35mCOMMIT[0m
  ↳ app/controllers/users_controller.rb:12:in `create'
Completed 500 Internal Server Error in 3026ms (ActiveRecord: 9.2ms | Allocations: 12394)



NameError - undefined local variable or method `user' for #<UsersController:0x007fc6a37a4538>
Did you mean?  @user:
  app/controllers/application_controller.rb:11:in `login!'
  app/controllers/users_controller.rb:13:in `create'

Started POST "/__better_errors/9c3824dfddffc638/variables" for 127.51.68.120 at 2022-06-01 15:28:32 -0700
Started GET "/users/new" for 127.51.68.120 at 2022-06-01 15:28:57 -0700
  [1m[35m (0.8ms)[0m  [1m[34mSELECT "schema_migrations"."version" FROM "schema_migrations" ORDER BY "schema_migrations"."version" ASC[0m
Processing by UsersController#new as HTML
  Rendering layout layouts/application.html.erb
  Rendering users/new.html.erb within layouts/application
  Rendered users/new.html.erb within layouts/application (Duration: 1.6ms | Allocations: 547)
[Webpacker] Everything's up-to-date. Nothing to do
  Rendered layout layouts/application.html.erb (Duration: 15.1ms | Allocations: 8801)
Completed 200 OK in 42ms (Views: 20.7ms | ActiveRecord: 4.8ms | Allocations: 18520)


Started POST "/users" for 127.51.68.120 at 2022-06-01 15:29:02 -0700
Processing by UsersController#create as HTML
  Parameters: {"authenticity_token"=>"[FILTERED]", "user"=>{"email"=>"newnew2", "password"=>"[FILTERED]"}}
  [1m[36mTRANSACTION (1.0ms)[0m  [1m[35mBEGIN[0m
  ↳ app/controllers/users_controller.rb:10:in `create'
  [1m[36mUser Exists? (1.7ms)[0m  [1m[34mSELECT 1 AS one FROM "users" WHERE "users"."email" = $1 LIMIT $2[0m  [["email", "newnew2"], ["LIMIT", 1]]
  ↳ app/controllers/users_controller.rb:10:in `create'
  [1m[36mUser Exists? (0.9ms)[0m  [1m[34mSELECT 1 AS one FROM "users" WHERE "users"."session_token" = $1 LIMIT $2[0m  [["session_token", "8ejVAk3LuGiO9d8I89khxg"], ["LIMIT", 1]]
  ↳ app/controllers/users_controller.rb:10:in `create'
  [1m[36mUser Create (1.0ms)[0m  [1m[32mINSERT INTO "users" ("email", "password_digest", "session_token", "created_at", "updated_at") VALUES ($1, $2, $3, $4, $5) RETURNING "id"[0m  [["email", "newnew2"], ["password_digest", "$2a$12$FpWngLAsxOysz3j1FkHiBeUufL4vmx2u6QanPDOBcJctIzBie0khm"], ["session_token", "8ejVAk3LuGiO9d8I89khxg"], ["created_at", "2022-06-01 22:29:02.668359"], ["updated_at", "2022-06-01 22:29:02.668359"]]
  ↳ app/controllers/users_controller.rb:10:in `create'
  [1m[36mTRANSACTION (41.3ms)[0m  [1m[35mCOMMIT[0m
  ↳ app/controllers/users_controller.rb:10:in `create'
  [1m[36mTRANSACTION (1.3ms)[0m  [1m[35mBEGIN[0m
  ↳ app/controllers/users_controller.rb:12:in `create'
  [1m[36mUser Exists? (1.5ms)[0m  [1m[34mSELECT 1 AS one FROM "users" WHERE "users"."email" = $1 AND "users"."id" != $2 LIMIT $3[0m  [["email", "newnew2"], ["id", 4], ["LIMIT", 1]]
  ↳ app/controllers/users_controller.rb:12:in `create'
  [1m[36mUser Exists? (1.0ms)[0m  [1m[34mSELECT 1 AS one FROM "users" WHERE "users"."session_token" = $1 AND "users"."id" != $2 LIMIT $3[0m  [["session_token", "8ejVAk3LuGiO9d8I89khxg"], ["id", 4], ["LIMIT", 1]]
  ↳ app/controllers/users_controller.rb:12:in `create'
  [1m[36mTRANSACTION (0.6ms)[0m  [1m[35mCOMMIT[0m
  ↳ app/controllers/users_controller.rb:12:in `create'
Redirected to http://127.51.68.120:3000/users/4
Completed 302 Found in 299ms (ActiveRecord: 50.2ms | Allocations: 8955)


Started GET "/users/4" for 127.51.68.120 at 2022-06-01 15:29:02 -0700

AbstractController::ActionNotFound - The action 'show' could not be found for UsersController:

Started POST "/__better_errors/83febc8694b269d1/variables" for 127.51.68.120 at 2022-06-01 15:29:02 -0700
Started GET "/users/new" for 127.51.68.120 at 2022-06-01 15:31:34 -0700
  [1m[35m (0.9ms)[0m  [1m[34mSELECT "schema_migrations"."version" FROM "schema_migrations" ORDER BY "schema_migrations"."version" ASC[0m
Processing by UsersController#new as HTML
  Rendering layout layouts/application.html.erb
  Rendering users/new.html.erb within layouts/application
  Rendered users/new.html.erb within layouts/application (Duration: 1.3ms | Allocations: 547)
[Webpacker] Everything's up-to-date. Nothing to do
  Rendered layout layouts/application.html.erb (Duration: 15.0ms | Allocations: 8801)
Completed 200 OK in 43ms (Views: 20.1ms | ActiveRecord: 4.3ms | Allocations: 18523)


Started POST "/users" for 127.51.68.120 at 2022-06-01 15:31:49 -0700
Processing by UsersController#create as HTML
  Parameters: {"authenticity_token"=>"[FILTERED]", "user"=>{"email"=>"newnew3", "password"=>"[FILTERED]"}}
  [1m[36mTRANSACTION (0.9ms)[0m  [1m[35mBEGIN[0m
  ↳ app/controllers/users_controller.rb:15:in `create'
  [1m[36mUser Exists? (2.0ms)[0m  [1m[34mSELECT 1 AS one FROM "users" WHERE "users"."email" = $1 LIMIT $2[0m  [["email", "newnew3"], ["LIMIT", 1]]
  ↳ app/controllers/users_controller.rb:15:in `create'
  [1m[36mUser Exists? (1.0ms)[0m  [1m[34mSELECT 1 AS one FROM "users" WHERE "users"."session_token" = $1 LIMIT $2[0m  [["session_token", "6nmmNYdQZWD_u8wmZIA_EA"], ["LIMIT", 1]]
  ↳ app/controllers/users_controller.rb:15:in `create'
  [1m[36mUser Create (1.0ms)[0m  [1m[32mINSERT INTO "users" ("email", "password_digest", "session_token", "created_at", "updated_at") VALUES ($1, $2, $3, $4, $5) RETURNING "id"[0m  [["email", "newnew3"], ["password_digest", "$2a$12$AQvCKL6XaDX65CldxT2jdeS44QyzIrfOzKQMcSefoEwMfZRKRalMG"], ["session_token", "6nmmNYdQZWD_u8wmZIA_EA"], ["created_at", "2022-06-01 22:31:49.940680"], ["updated_at", "2022-06-01 22:31:49.940680"]]
  ↳ app/controllers/users_controller.rb:15:in `create'
  [1m[36mTRANSACTION (1.6ms)[0m  [1m[35mCOMMIT[0m
  ↳ app/controllers/users_controller.rb:15:in `create'
  [1m[36mTRANSACTION (0.7ms)[0m  [1m[35mBEGIN[0m
  ↳ app/controllers/users_controller.rb:17:in `create'
  [1m[36mUser Exists? (1.0ms)[0m  [1m[34mSELECT 1 AS one FROM "users" WHERE "users"."email" = $1 AND "users"."id" != $2 LIMIT $3[0m  [["email", "newnew3"], ["id", 5], ["LIMIT", 1]]
  ↳ app/controllers/users_controller.rb:17:in `create'
  [1m[36mUser Exists? (0.8ms)[0m  [1m[34mSELECT 1 AS one FROM "users" WHERE "users"."session_token" = $1 AND "users"."id" != $2 LIMIT $3[0m  [["session_token", "6nmmNYdQZWD_u8wmZIA_EA"], ["id", 5], ["LIMIT", 1]]
  ↳ app/controllers/users_controller.rb:17:in `create'
  [1m[36mTRANSACTION (0.7ms)[0m  [1m[35mCOMMIT[0m
  ↳ app/controllers/users_controller.rb:17:in `create'
Redirected to http://127.51.68.120:3000/users/5
Completed 302 Found in 259ms (ActiveRecord: 9.8ms | Allocations: 8957)


Started GET "/users/5" for 127.51.68.120 at 2022-06-01 15:31:49 -0700
Processing by UsersController#show as HTML
  Parameters: {"id"=>"5"}
Completed 500 Internal Server Error in 4ms (ActiveRecord: 0.0ms | Allocations: 2617)



ActionView::MissingTemplate - Missing template users/show, application/show with {:locale=>[:en], :formats=>[:html], :variants=>[], :handlers=>[:raw, :erb, :html, :builder, :ruby, :jbuilder]}. Searched in:
  * "/Users/peter/Desktop/aa/aa_classwork/w7d3/musicapp/app/views"
  * "/Users/peter/.rbenv/versions/2.5.1/lib/ruby/gems/2.5.0/gems/actiontext-6.1.6/app/views"
  * "/Users/peter/.rbenv/versions/2.5.1/lib/ruby/gems/2.5.0/gems/actionmailbox-6.1.6/app/views":
  app/controllers/users_controller.rb:11:in `show'

Started POST "/__better_errors/c1e3e6c1415f42b7/variables" for 127.51.68.120 at 2022-06-01 15:31:50 -0700
Started GET "/users/new" for 127.51.68.120 at 2022-06-01 15:33:20 -0700
Processing by UsersController#new as HTML
  Rendering layout layouts/application.html.erb
  Rendering users/new.html.erb within layouts/application
  Rendered users/new.html.erb within layouts/application (Duration: 0.6ms | Allocations: 229)
[Webpacker] Everything's up-to-date. Nothing to do
  Rendered layout layouts/application.html.erb (Duration: 8.9ms | Allocations: 6039)
Completed 200 OK in 12ms (Views: 11.2ms | ActiveRecord: 0.0ms | Allocations: 7236)


Started POST "/users" for 127.51.68.120 at 2022-06-01 15:33:27 -0700
Processing by UsersController#create as HTML
  Parameters: {"authenticity_token"=>"[FILTERED]", "user"=>{"email"=>"newnew4", "password"=>"[FILTERED]"}}
  [1m[36mTRANSACTION (0.8ms)[0m  [1m[35mBEGIN[0m
  ↳ app/controllers/users_controller.rb:15:in `create'
  [1m[36mUser Exists? (1.0ms)[0m  [1m[34mSELECT 1 AS one FROM "users" WHERE "users"."email" = $1 LIMIT $2[0m  [["email", "newnew4"], ["LIMIT", 1]]
  ↳ app/controllers/users_controller.rb:15:in `create'
  [1m[36mUser Exists? (1.0ms)[0m  [1m[34mSELECT 1 AS one FROM "users" WHERE "users"."session_token" = $1 LIMIT $2[0m  [["session_token", "LUewiwu0EpYHjgiuf7BIIA"], ["LIMIT", 1]]
  ↳ app/controllers/users_controller.rb:15:in `create'
  [1m[36mUser Create (0.8ms)[0m  [1m[32mINSERT INTO "users" ("email", "password_digest", "session_token", "created_at", "updated_at") VALUES ($1, $2, $3, $4, $5) RETURNING "id"[0m  [["email", "newnew4"], ["password_digest", "$2a$12$i.7r0JsVzYhfMPNu8PCA..Mw8PFiqAIPiYykJBA//xTvnicBpYDma"], ["session_token", "LUewiwu0EpYHjgiuf7BIIA"], ["created_at", "2022-06-01 22:33:27.881855"], ["updated_at", "2022-06-01 22:33:27.881855"]]
  ↳ app/controllers/users_controller.rb:15:in `create'
  [1m[36mTRANSACTION (1.4ms)[0m  [1m[35mCOMMIT[0m
  ↳ app/controllers/users_controller.rb:15:in `create'
  [1m[36mTRANSACTION (0.7ms)[0m  [1m[35mBEGIN[0m
  ↳ app/controllers/users_controller.rb:17:in `create'
  [1m[36mUser Exists? (0.8ms)[0m  [1m[34mSELECT 1 AS one FROM "users" WHERE "users"."email" = $1 AND "users"."id" != $2 LIMIT $3[0m  [["email", "newnew4"], ["id", 6], ["LIMIT", 1]]
  ↳ app/controllers/users_controller.rb:17:in `create'
  [1m[36mUser Exists? (0.8ms)[0m  [1m[34mSELECT 1 AS one FROM "users" WHERE "users"."session_token" = $1 AND "users"."id" != $2 LIMIT $3[0m  [["session_token", "LUewiwu0EpYHjgiuf7BIIA"], ["id", 6], ["LIMIT", 1]]
  ↳ app/controllers/users_controller.rb:17:in `create'
  [1m[36mTRANSACTION (0.7ms)[0m  [1m[35mCOMMIT[0m
  ↳ app/controllers/users_controller.rb:17:in `create'
Redirected to http://127.51.68.120:3000/users/6
Completed 302 Found in 257ms (ActiveRecord: 8.0ms | Allocations: 7840)


Started GET "/users/6" for 127.51.68.120 at 2022-06-01 15:33:27 -0700
Processing by UsersController#show as HTML
  Parameters: {"id"=>"6"}
  Rendering layout layouts/application.html.erb
  Rendering users/show.html.erb within layouts/application
  Rendered users/show.html.erb within layouts/application (Duration: 0.3ms | Allocations: 123)
[Webpacker] Everything's up-to-date. Nothing to do
  Rendered layout layouts/application.html.erb (Duration: 7.5ms | Allocations: 5747)
Completed 200 OK in 9ms (Views: 8.4ms | ActiveRecord: 0.0ms | Allocations: 6295)


Started GET "/users/new" for 127.51.68.120 at 2022-06-01 16:20:51 -0700
Processing by UsersController#new as HTML
  Rendering layout layouts/application.html.erb
  Rendering users/new.html.erb within layouts/application
  Rendered users/new.html.erb within layouts/application (Duration: 0.6ms | Allocations: 257)
[Webpacker] Everything's up-to-date. Nothing to do
  [1m[36mUser Load (1.3ms)[0m  [1m[34mSELECT "users".* FROM "users" WHERE "users"."session_token" = $1 LIMIT $2[0m  [["session_token", "LUewiwu0EpYHjgiuf7BIIA"], ["LIMIT", 1]]
  ↳ app/controllers/application_controller.rb:6:in `current_user'
  Rendered layout layouts/application.html.erb (Duration: 21.8ms | Allocations: 7312)
Completed 200 OK in 91ms (Views: 22.4ms | ActiveRecord: 54.7ms | Allocations: 16616)


Started GET "/users/new" for 127.51.68.120 at 2022-06-01 16:21:58 -0700
Processing by UsersController#new as HTML
  Rendering layout layouts/application.html.erb
  Rendering users/new.html.erb within layouts/application
  Rendered users/new.html.erb within layouts/application (Duration: 0.5ms | Allocations: 233)
[Webpacker] Everything's up-to-date. Nothing to do
  [1m[36mUser Load (0.8ms)[0m  [1m[34mSELECT "users".* FROM "users" WHERE "users"."session_token" = $1 LIMIT $2[0m  [["session_token", "LUewiwu0EpYHjgiuf7BIIA"], ["LIMIT", 1]]
  ↳ app/controllers/application_controller.rb:6:in `current_user'
  Rendered layout layouts/application.html.erb (Duration: 11.3ms | Allocations: 7048)
Completed 200 OK in 14ms (Views: 12.7ms | ActiveRecord: 0.8ms | Allocations: 8255)


Started POST "/users" for 127.51.68.120 at 2022-06-01 16:22:05 -0700
Processing by UsersController#create as HTML
  Parameters: {"authenticity_token"=>"[FILTERED]", "user"=>{"email"=>"newnew5", "password"=>"[FILTERED]"}}
  [1m[36mTRANSACTION (0.8ms)[0m  [1m[35mBEGIN[0m
  ↳ app/controllers/users_controller.rb:20:in `create'
  [1m[36mUser Exists? (1.1ms)[0m  [1m[34mSELECT 1 AS one FROM "users" WHERE "users"."email" = $1 LIMIT $2[0m  [["email", "newnew5"], ["LIMIT", 1]]
  ↳ app/controllers/users_controller.rb:20:in `create'
  [1m[36mUser Exists? (1.1ms)[0m  [1m[34mSELECT 1 AS one FROM "users" WHERE "users"."session_token" = $1 LIMIT $2[0m  [["session_token", "KpNvSTqwCWPDqUBg1_1cyw"], ["LIMIT", 1]]
  ↳ app/controllers/users_controller.rb:20:in `create'
  [1m[36mUser Create (1.1ms)[0m  [1m[32mINSERT INTO "users" ("email", "password_digest", "session_token", "created_at", "updated_at") VALUES ($1, $2, $3, $4, $5) RETURNING "id"[0m  [["email", "newnew5"], ["password_digest", "$2a$12$Kt.MXTA2BicwT3rn5F6Uxuzaw3Cpv4jiuV02xxRXzVBZ8DlUmhGla"], ["session_token", "KpNvSTqwCWPDqUBg1_1cyw"], ["created_at", "2022-06-01 23:22:05.606059"], ["updated_at", "2022-06-01 23:22:05.606059"]]
  ↳ app/controllers/users_controller.rb:20:in `create'
  [1m[36mTRANSACTION (2.1ms)[0m  [1m[35mCOMMIT[0m
  ↳ app/controllers/users_controller.rb:20:in `create'
  [1m[36mTRANSACTION (0.7ms)[0m  [1m[35mBEGIN[0m
  ↳ app/controllers/users_controller.rb:22:in `create'
  [1m[36mUser Exists? (1.0ms)[0m  [1m[34mSELECT 1 AS one FROM "users" WHERE "users"."email" = $1 AND "users"."id" != $2 LIMIT $3[0m  [["email", "newnew5"], ["id", 7], ["LIMIT", 1]]
  ↳ app/controllers/users_controller.rb:22:in `create'
  [1m[36mUser Exists? (0.8ms)[0m  [1m[34mSELECT 1 AS one FROM "users" WHERE "users"."session_token" = $1 AND "users"."id" != $2 LIMIT $3[0m  [["session_token", "KpNvSTqwCWPDqUBg1_1cyw"], ["id", 7], ["LIMIT", 1]]
  ↳ app/controllers/users_controller.rb:22:in `create'
  [1m[36mTRANSACTION (0.6ms)[0m  [1m[35mCOMMIT[0m
  ↳ app/controllers/users_controller.rb:22:in `create'
Redirected to http://127.51.68.120:3000/users/7
Completed 302 Found in 254ms (ActiveRecord: 9.3ms | Allocations: 7973)


Started GET "/users/7" for 127.51.68.120 at 2022-06-01 16:22:05 -0700
Processing by UsersController#show as HTML
  Parameters: {"id"=>"7"}
  Rendering layout layouts/application.html.erb
  Rendering users/show.html.erb within layouts/application
  Rendered users/show.html.erb within layouts/application (Duration: 0.5ms | Allocations: 117)
[Webpacker] Everything's up-to-date. Nothing to do
  [1m[36mUser Load (0.8ms)[0m  [1m[34mSELECT "users".* FROM "users" WHERE "users"."session_token" = $1 LIMIT $2[0m  [["session_token", "KpNvSTqwCWPDqUBg1_1cyw"], ["LIMIT", 1]]
  ↳ app/controllers/application_controller.rb:6:in `current_user'
  Rendered layout layouts/application.html.erb (Duration: 13.6ms | Allocations: 6631)
Completed 200 OK in 15ms (Views: 13.6ms | ActiveRecord: 0.8ms | Allocations: 7179)


Started GET "/users" for 127.51.68.120 at 2022-06-01 16:22:14 -0700
Processing by UsersController#index as HTML
  Rendering layout layouts/application.html.erb
  Rendering users/index.html.erb within layouts/application
  [1m[36mUser Load (0.8ms)[0m  [1m[34mSELECT "users".* FROM "users"[0m
  ↳ app/views/users/index.html.erb:1
  Rendered users/index.html.erb within layouts/application (Duration: 7.5ms | Allocations: 5318)
  Rendered layout layouts/application.html.erb (Duration: 7.7ms | Allocations: 5403)
Completed 500 Internal Server Error in 9ms (ActiveRecord: 0.8ms | Allocations: 5946)



NoMethodError - undefined method `email' for #<User::ActiveRecord_Relation:0x00007fc7ab25ab78>:
  app/views/users/index.html.erb:2
  app/views/users/index.html.erb:1
  app/controllers/users_controller.rb:11:in `index'

Started POST "/__better_errors/1aabb9e3bc7e2ef0/variables" for 127.51.68.120 at 2022-06-01 16:22:14 -0700
Started GET "/users" for 127.51.68.120 at 2022-06-01 16:22:38 -0700
Processing by UsersController#index as HTML
  Rendering layout layouts/application.html.erb
  Rendering users/index.html.erb within layouts/application
  [1m[36mUser Load (0.8ms)[0m  [1m[34mSELECT "users".* FROM "users"[0m
  ↳ app/views/users/index.html.erb:1
  Rendered users/index.html.erb within layouts/application (Duration: 3.2ms | Allocations: 1182)
[Webpacker] Everything's up-to-date. Nothing to do
  [1m[36mUser Load (0.9ms)[0m  [1m[34mSELECT "users".* FROM "users" WHERE "users"."session_token" = $1 LIMIT $2[0m  [["session_token", "KpNvSTqwCWPDqUBg1_1cyw"], ["LIMIT", 1]]
  ↳ app/controllers/application_controller.rb:6:in `current_user'
  Rendered layout layouts/application.html.erb (Duration: 14.1ms | Allocations: 7818)
Completed 200 OK in 17ms (Views: 14.5ms | ActiveRecord: 1.7ms | Allocations: 9006)


Started GET "/users" for 127.51.68.120 at 2022-06-01 16:23:04 -0700
Processing by UsersController#index as HTML
  Rendering layout layouts/application.html.erb
  Rendering users/index.html.erb within layouts/application
  [1m[36mUser Load (0.8ms)[0m  [1m[34mSELECT "users".* FROM "users"[0m
  ↳ app/views/users/index.html.erb:1
  Rendered users/index.html.erb within layouts/application (Duration: 6.8ms | Allocations: 5253)
  Rendered layout layouts/application.html.erb (Duration: 7.0ms | Allocations: 5337)
Completed 500 Internal Server Error in 10ms (ActiveRecord: 0.8ms | Allocations: 6493)



NoMethodError - undefined method `email' for #<User::ActiveRecord_Relation:0x00007fc7a6aea928>:
  app/views/users/index.html.erb:2
  app/views/users/index.html.erb:1
  app/controllers/users_controller.rb:11:in `index'

Started POST "/__better_errors/6c8fdc389aa98232/variables" for 127.51.68.120 at 2022-06-01 16:23:04 -0700
Started GET "/users" for 127.51.68.120 at 2022-06-01 16:23:42 -0700
Processing by UsersController#index as HTML
  Rendering layout layouts/application.html.erb
  Rendering users/index.html.erb within layouts/application
  [1m[36mUser Load (0.8ms)[0m  [1m[34mSELECT "users".* FROM "users"[0m
  ↳ app/views/users/index.html.erb:1
  Rendered users/index.html.erb within layouts/application (Duration: 3.1ms | Allocations: 1256)
[Webpacker] Everything's up-to-date. Nothing to do
  [1m[36mUser Load (1.0ms)[0m  [1m[34mSELECT "users".* FROM "users" WHERE "users"."session_token" = $1 LIMIT $2[0m  [["session_token", "KpNvSTqwCWPDqUBg1_1cyw"], ["LIMIT", 1]]
  ↳ app/controllers/application_controller.rb:6:in `current_user'
  Rendered layout layouts/application.html.erb (Duration: 14.9ms | Allocations: 7892)
Completed 200 OK in 17ms (Views: 15.2ms | ActiveRecord: 1.7ms | Allocations: 9078)


Started GET "/users" for 127.51.68.120 at 2022-06-01 16:23:56 -0700
Processing by UsersController#index as HTML
  Rendering layout layouts/application.html.erb
  Rendering users/index.html.erb within layouts/application
  [1m[36mUser Load (0.7ms)[0m  [1m[34mSELECT "users".* FROM "users"[0m
  ↳ app/views/users/index.html.erb:1
  Rendered users/index.html.erb within layouts/application (Duration: 3.2ms | Allocations: 1125)
[Webpacker] Everything's up-to-date. Nothing to do
  [1m[36mUser Load (0.8ms)[0m  [1m[34mSELECT "users".* FROM "users" WHERE "users"."session_token" = $1 LIMIT $2[0m  [["session_token", "KpNvSTqwCWPDqUBg1_1cyw"], ["LIMIT", 1]]
  ↳ app/controllers/application_controller.rb:6:in `current_user'
  Rendered layout layouts/application.html.erb (Duration: 12.7ms | Allocations: 7461)
Completed 200 OK in 14ms (Views: 11.7ms | ActiveRecord: 1.5ms | Allocations: 7889)


Started GET "/users" for 127.51.68.120 at 2022-06-01 16:24:02 -0700
Processing by UsersController#index as HTML
  Rendering layout layouts/application.html.erb
  Rendering users/index.html.erb within layouts/application
  Rendered users/index.html.erb within layouts/application (Duration: 1.5ms | Allocations: 2646)
  Rendered layout layouts/application.html.erb (Duration: 1.7ms | Allocations: 2731)
Completed 500 Internal Server Error in 4ms (ActiveRecord: 0.0ms | Allocations: 3888)



ActionView::SyntaxErrorInTemplate - Encountered a syntax error while rendering template: check <% @user.each do |user| %>
<ul><li><%= @user:email %></li></ul>
<br>
<% end %>:
  app/controllers/users_controller.rb:11:in `index'

Started POST "/__better_errors/5f01507c88cb8aae/variables" for 127.51.68.120 at 2022-06-01 16:24:02 -0700
  [1m[36mUser Load (0.6ms)[0m  [1m[34mSELECT "users".* FROM "users" /* loading for inspect */ LIMIT $1[0m  [["LIMIT", 11]]
Started GET "/users" for 127.51.68.120 at 2022-06-01 16:24:09 -0700
Processing by UsersController#index as HTML
  Rendering layout layouts/application.html.erb
  Rendering users/index.html.erb within layouts/application
  Rendered users/index.html.erb within layouts/application (Duration: 1.5ms | Allocations: 2635)
  Rendered layout layouts/application.html.erb (Duration: 1.7ms | Allocations: 2720)
Completed 500 Internal Server Error in 3ms (ActiveRecord: 0.0ms | Allocations: 3123)



ActionView::SyntaxErrorInTemplate - Encountered a syntax error while rendering template: check <% @user.each do |user| %>
<ul><li><%= @user:email %></li></ul>
<br>
<% end %>:
  app/controllers/users_controller.rb:11:in `index'

Started POST "/__better_errors/ec68e5df408a643f/variables" for 127.51.68.120 at 2022-06-01 16:24:09 -0700
  [1m[36mUser Load (0.6ms)[0m  [1m[34mSELECT "users".* FROM "users" /* loading for inspect */ LIMIT $1[0m  [["LIMIT", 11]]
Started GET "/users" for 127.51.68.120 at 2022-06-01 16:24:11 -0700
Processing by UsersController#index as HTML
  Rendering layout layouts/application.html.erb
  Rendering users/index.html.erb within layouts/application
  [1m[36mUser Load (0.8ms)[0m  [1m[34mSELECT "users".* FROM "users"[0m
  ↳ app/views/users/index.html.erb:1
  Rendered users/index.html.erb within layouts/application (Duration: 3.7ms | Allocations: 1254)
[Webpacker] Everything's up-to-date. Nothing to do
  [1m[36mUser Load (0.7ms)[0m  [1m[34mSELECT "users".* FROM "users" WHERE "users"."session_token" = $1 LIMIT $2[0m  [["session_token", "KpNvSTqwCWPDqUBg1_1cyw"], ["LIMIT", 1]]
  ↳ app/controllers/application_controller.rb:6:in `current_user'
  Rendered layout layouts/application.html.erb (Duration: 12.9ms | Allocations: 7891)
Completed 200 OK in 16ms (Views: 13.6ms | ActiveRecord: 1.6ms | Allocations: 9077)


Started GET "/users" for 127.51.68.120 at 2022-06-01 16:24:34 -0700
Processing by UsersController#index as HTML
  Rendering layout layouts/application.html.erb
  Rendering users/index.html.erb within layouts/application
  Rendered users/index.html.erb within layouts/application (Duration: 1.2ms | Allocations: 2643)
  Rendered layout layouts/application.html.erb (Duration: 1.3ms | Allocations: 2728)
Completed 500 Internal Server Error in 4ms (ActiveRecord: 0.0ms | Allocations: 3885)



ActionView::SyntaxErrorInTemplate - Encountered a syntax error while rendering template: check <% @user.each do |user| %>
<ul><li><%= #{@user.select(:email)} %></li></ul>
<br>
<% end %>:
  app/controllers/users_controller.rb:11:in `index'

Started POST "/__better_errors/45ea5bf16bb1159e/variables" for 127.51.68.120 at 2022-06-01 16:24:34 -0700
  [1m[36mUser Load (0.6ms)[0m  [1m[34mSELECT "users".* FROM "users" /* loading for inspect */ LIMIT $1[0m  [["LIMIT", 11]]
Started GET "/users" for 127.51.68.120 at 2022-06-01 16:24:46 -0700
Processing by UsersController#index as HTML
  Rendering layout layouts/application.html.erb
  Rendering users/index.html.erb within layouts/application
  [1m[36mUser Load (0.8ms)[0m  [1m[34mSELECT "users".* FROM "users"[0m
  ↳ app/views/users/index.html.erb:1
  Rendered users/index.html.erb within layouts/application (Duration: 3.2ms | Allocations: 1258)
[Webpacker] Everything's up-to-date. Nothing to do
  [1m[36mUser Load (0.7ms)[0m  [1m[34mSELECT "users".* FROM "users" WHERE "users"."session_token" = $1 LIMIT $2[0m  [["session_token", "KpNvSTqwCWPDqUBg1_1cyw"], ["LIMIT", 1]]
  ↳ app/controllers/application_controller.rb:6:in `current_user'
  Rendered layout layouts/application.html.erb (Duration: 13.5ms | Allocations: 7893)
Completed 200 OK in 16ms (Views: 14.1ms | ActiveRecord: 1.5ms | Allocations: 9076)


Started GET "/users" for 127.51.68.120 at 2022-06-01 16:25:04 -0700
Processing by UsersController#index as HTML
  Rendering layout layouts/application.html.erb
  Rendering users/index.html.erb within layouts/application
  [1m[36mUser Load (0.7ms)[0m  [1m[34mSELECT "users".* FROM "users"[0m
  ↳ app/views/users/index.html.erb:1
  Rendered users/index.html.erb within layouts/application (Duration: 2.8ms | Allocations: 1132)
[Webpacker] Everything's up-to-date. Nothing to do
  [1m[36mUser Load (0.7ms)[0m  [1m[34mSELECT "users".* FROM "users" WHERE "users"."session_token" = $1 LIMIT $2[0m  [["session_token", "KpNvSTqwCWPDqUBg1_1cyw"], ["LIMIT", 1]]
  ↳ app/controllers/application_controller.rb:6:in `current_user'
  Rendered layout layouts/application.html.erb (Duration: 11.3ms | Allocations: 7469)
Completed 200 OK in 12ms (Views: 10.3ms | ActiveRecord: 1.5ms | Allocations: 7899)


Started GET "/users" for 127.51.68.120 at 2022-06-01 16:25:39 -0700
Processing by UsersController#index as HTML
  Rendering layout layouts/application.html.erb
  Rendering users/index.html.erb within layouts/application
  [1m[36mUser Load (0.8ms)[0m  [1m[34mSELECT "users".* FROM "users"[0m
  ↳ app/views/users/index.html.erb:1
  Rendered users/index.html.erb within layouts/application (Duration: 6.5ms | Allocations: 5257)
  Rendered layout layouts/application.html.erb (Duration: 6.7ms | Allocations: 5341)
Completed 500 Internal Server Error in 10ms (ActiveRecord: 0.8ms | Allocations: 6502)



NoMethodError - undefined method `email' for #<User::ActiveRecord_Relation:0x00007fc7a6bd0568>:
  app/views/users/index.html.erb:2
  app/views/users/index.html.erb:1
  app/controllers/users_controller.rb:11:in `index'

Started POST "/__better_errors/9c7f1f9f48445c6b/variables" for 127.51.68.120 at 2022-06-01 16:25:39 -0700
Started GET "/users" for 127.51.68.120 at 2022-06-01 16:27:27 -0700
Processing by UsersController#index as HTML
  Rendering layout layouts/application.html.erb
  Rendering users/index.html.erb within layouts/application
  [1m[36mUser Load (0.8ms)[0m  [1m[34mSELECT "users".* FROM "users"[0m
  ↳ app/views/users/index.html.erb:1
  Rendered users/index.html.erb within layouts/application (Duration: 15.3ms | Allocations: 5489)
[Webpacker] Everything's up-to-date. Nothing to do
  [1m[36mUser Load (0.9ms)[0m  [1m[34mSELECT "users".* FROM "users" WHERE "users"."session_token" = $1 LIMIT $2[0m  [["session_token", "KpNvSTqwCWPDqUBg1_1cyw"], ["LIMIT", 1]]
  ↳ app/controllers/application_controller.rb:6:in `current_user'
  Rendered layout layouts/application.html.erb (Duration: 27.9ms | Allocations: 12203)
Completed 200 OK in 32ms (Views: 20.8ms | ActiveRecord: 9.6ms | Allocations: 14101)


Started GET "/users" for 127.51.68.120 at 2022-06-01 16:28:05 -0700
Processing by UsersController#index as HTML
  Rendering layout layouts/application.html.erb
  Rendering users/index.html.erb within layouts/application
  [1m[36mUser Load (0.8ms)[0m  [1m[34mSELECT "users".* FROM "users"[0m
  ↳ app/views/users/index.html.erb:1
  Rendered users/index.html.erb within layouts/application (Duration: 3.1ms | Allocations: 1176)
[Webpacker] Everything's up-to-date. Nothing to do
  [1m[36mUser Load (0.7ms)[0m  [1m[34mSELECT "users".* FROM "users" WHERE "users"."session_token" = $1 LIMIT $2[0m  [["session_token", "KpNvSTqwCWPDqUBg1_1cyw"], ["LIMIT", 1]]
  ↳ app/controllers/application_controller.rb:6:in `current_user'
  Rendered layout layouts/application.html.erb (Duration: 12.3ms | Allocations: 7814)
Completed 200 OK in 15ms (Views: 13.1ms | ActiveRecord: 1.5ms | Allocations: 9002)


Started GET "/users" for 127.51.68.120 at 2022-06-01 16:28:15 -0700
Processing by UsersController#index as HTML
  Rendering layout layouts/application.html.erb
  Rendering users/index.html.erb within layouts/application
  [1m[36mUser Load (0.8ms)[0m  [1m[34mSELECT "users".* FROM "users"[0m
  ↳ app/views/users/index.html.erb:1
  Rendered users/index.html.erb within layouts/application (Duration: 3.3ms | Allocations: 1048)
[Webpacker] Everything's up-to-date. Nothing to do
  [1m[36mUser Load (0.7ms)[0m  [1m[34mSELECT "users".* FROM "users" WHERE "users"."session_token" = $1 LIMIT $2[0m  [["session_token", "KpNvSTqwCWPDqUBg1_1cyw"], ["LIMIT", 1]]
  ↳ app/controllers/application_controller.rb:6:in `current_user'
  Rendered layout layouts/application.html.erb (Duration: 11.8ms | Allocations: 7384)
Completed 200 OK in 13ms (Views: 10.8ms | ActiveRecord: 1.5ms | Allocations: 7813)


Started GET "/users" for 127.51.68.120 at 2022-06-01 16:28:39 -0700
Processing by UsersController#index as HTML
  Rendering layout layouts/application.html.erb
  Rendering users/index.html.erb within layouts/application
  [1m[36mUser Load (0.8ms)[0m  [1m[34mSELECT "users".* FROM "users"[0m
  ↳ app/views/users/index.html.erb:1
  Rendered users/index.html.erb within layouts/application (Duration: 3.4ms | Allocations: 1173)
[Webpacker] Everything's up-to-date. Nothing to do
  [1m[36mUser Load (0.7ms)[0m  [1m[34mSELECT "users".* FROM "users" WHERE "users"."session_token" = $1 LIMIT $2[0m  [["session_token", "KpNvSTqwCWPDqUBg1_1cyw"], ["LIMIT", 1]]
  ↳ app/controllers/application_controller.rb:6:in `current_user'
  Rendered layout layouts/application.html.erb (Duration: 12.3ms | Allocations: 7809)
Completed 200 OK in 15ms (Views: 13.2ms | ActiveRecord: 1.6ms | Allocations: 8991)


Started GET "/users" for 127.51.68.120 at 2022-06-01 16:30:00 -0700
Processing by UsersController#index as HTML
  Rendering layout layouts/application.html.erb
  Rendering users/index.html.erb within layouts/application
  [1m[36mUser Load (0.8ms)[0m  [1m[34mSELECT "users".* FROM "users"[0m
  ↳ app/views/users/index.html.erb:1
  Rendered users/index.html.erb within layouts/application (Duration: 3.4ms | Allocations: 1174)
[Webpacker] Everything's up-to-date. Nothing to do
  [1m[36mUser Load (0.7ms)[0m  [1m[34mSELECT "users".* FROM "users" WHERE "users"."session_token" = $1 LIMIT $2[0m  [["session_token", "KpNvSTqwCWPDqUBg1_1cyw"], ["LIMIT", 1]]
  ↳ app/controllers/application_controller.rb:6:in `current_user'
  Rendered layout layouts/application.html.erb (Duration: 13.0ms | Allocations: 7864)
Completed 200 OK in 16ms (Views: 13.5ms | ActiveRecord: 1.6ms | Allocations: 9052)


Started POST "/session" for 127.51.68.120 at 2022-06-01 16:30:01 -0700
Processing by SessionsController#create as HTML
  Parameters: {"authenticity_token"=>"[FILTERED]"}
Completed 500 Internal Server Error in 2ms (ActiveRecord: 0.0ms | Allocations: 1434)



NoMethodError - undefined method `[]' for nil:NilClass:
  app/controllers/sessions_controller.rb:8:in `create'

Started POST "/__better_errors/bb2556f0f382c57c/variables" for 127.51.68.120 at 2022-06-01 16:30:01 -0700
Started GET "/session" for 127.51.68.120 at 2022-06-01 16:31:51 -0700
  
ActionController::RoutingError (No route matches [GET] "/session"):
  
Started GET "/users" for 127.51.68.120 at 2022-06-01 16:31:57 -0700
Processing by UsersController#index as HTML
  Rendering layout layouts/application.html.erb
  Rendering users/index.html.erb within layouts/application
  [1m[36mUser Load (0.8ms)[0m  [1m[34mSELECT "users".* FROM "users"[0m
  ↳ app/views/users/index.html.erb:1
  Rendered users/index.html.erb within layouts/application (Duration: 3.5ms | Allocations: 1173)
[Webpacker] Everything's up-to-date. Nothing to do
  [1m[36mUser Load (0.8ms)[0m  [1m[34mSELECT "users".* FROM "users" WHERE "users"."session_token" = $1 LIMIT $2[0m  [["session_token", "KpNvSTqwCWPDqUBg1_1cyw"], ["LIMIT", 1]]
  ↳ app/controllers/application_controller.rb:6:in `current_user'
  Rendered layout layouts/application.html.erb (Duration: 15.0ms | Allocations: 7860)
Completed 200 OK in 19ms (Views: 16.9ms | ActiveRecord: 1.6ms | Allocations: 9047)


Started POST "/session" for 127.51.68.120 at 2022-06-01 16:31:59 -0700
Processing by SessionsController#create as HTML
  Parameters: {"authenticity_token"=>"[FILTERED]"}
Completed 500 Internal Server Error in 2ms (ActiveRecord: 0.0ms | Allocations: 1484)



NoMethodError - undefined method `[]' for nil:NilClass:
  app/controllers/sessions_controller.rb:8:in `create'

Started POST "/__better_errors/bfddd9f07dc99a68/variables" for 127.51.68.120 at 2022-06-01 16:31:59 -0700
Started GET "/new_session" for 127.51.68.120 at 2022-06-01 16:32:20 -0700
  
ActionController::RoutingError (No route matches [GET] "/new_session"):
  
Started GET "/users" for 127.51.68.120 at 2022-06-01 16:32:28 -0700
Processing by UsersController#index as HTML
  Rendering layout layouts/application.html.erb
  Rendering users/index.html.erb within layouts/application
  [1m[36mUser Load (1.0ms)[0m  [1m[34mSELECT "users".* FROM "users"[0m
  ↳ app/views/users/index.html.erb:1
  Rendered users/index.html.erb within layouts/application (Duration: 3.2ms | Allocations: 1047)
[Webpacker] Everything's up-to-date. Nothing to do
  [1m[36mUser Load (0.7ms)[0m  [1m[34mSELECT "users".* FROM "users" WHERE "users"."session_token" = $1 LIMIT $2[0m  [["session_token", "KpNvSTqwCWPDqUBg1_1cyw"], ["LIMIT", 1]]
  ↳ app/controllers/application_controller.rb:6:in `current_user'
  Rendered layout layouts/application.html.erb (Duration: 13.5ms | Allocations: 7416)
Completed 200 OK in 15ms (Views: 12.4ms | ActiveRecord: 1.7ms | Allocations: 7844)


Started GET "/users" for 127.51.68.120 at 2022-06-01 16:32:30 -0700
Processing by UsersController#index as HTML
  Rendering layout layouts/application.html.erb
  Rendering users/index.html.erb within layouts/application
  [1m[36mUser Load (0.8ms)[0m  [1m[34mSELECT "users".* FROM "users"[0m
  ↳ app/views/users/index.html.erb:1
  Rendered users/index.html.erb within layouts/application (Duration: 2.9ms | Allocations: 1048)
[Webpacker] Everything's up-to-date. Nothing to do
  [1m[36mUser Load (0.8ms)[0m  [1m[34mSELECT "users".* FROM "users" WHERE "users"."session_token" = $1 LIMIT $2[0m  [["session_token", "KpNvSTqwCWPDqUBg1_1cyw"], ["LIMIT", 1]]
  ↳ app/controllers/application_controller.rb:6:in `current_user'
  Rendered layout layouts/application.html.erb (Duration: 14.2ms | Allocations: 7417)
Completed 200 OK in 15ms (Views: 13.0ms | ActiveRecord: 1.6ms | Allocations: 7846)


Started GET "/users/new" for 127.51.68.120 at 2022-06-01 16:32:33 -0700
Processing by UsersController#new as HTML
  Rendering layout layouts/application.html.erb
  Rendering users/new.html.erb within layouts/application
  Rendered users/new.html.erb within layouts/application (Duration: 0.5ms | Allocations: 235)
[Webpacker] Everything's up-to-date. Nothing to do
  [1m[36mUser Load (0.7ms)[0m  [1m[34mSELECT "users".* FROM "users" WHERE "users"."session_token" = $1 LIMIT $2[0m  [["session_token", "KpNvSTqwCWPDqUBg1_1cyw"], ["LIMIT", 1]]
  ↳ app/controllers/application_controller.rb:6:in `current_user'
  Rendered layout layouts/application.html.erb (Duration: 10.8ms | Allocations: 6770)
Completed 200 OK in 12ms (Views: 10.9ms | ActiveRecord: 0.7ms | Allocations: 7346)


Started POST "/session" for 127.51.68.120 at 2022-06-01 16:32:36 -0700
Processing by SessionsController#create as HTML
  Parameters: {"authenticity_token"=>"[FILTERED]", "user"=>{"email"=>"", "password"=>"[FILTERED]"}}
  [1m[36mUser Load (0.6ms)[0m  [1m[34mSELECT "users".* FROM "users" WHERE "users"."email" = $1 LIMIT $2[0m  [["email", ""], ["LIMIT", 1]]
  ↳ app/models/user.rb:45:in `find_by_credentials'
Completed 500 Internal Server Error in 6ms (ActiveRecord: 0.6ms | Allocations: 2991)



ActionView::MissingTemplate - Missing template sessions/new, application/new with {:locale=>[:en], :formats=>[:html], :variants=>[], :handlers=>[:raw, :erb, :html, :builder, :ruby, :jbuilder]}. Searched in:
  * "/Users/peter/Desktop/aa/aa_classwork/w7d3/musicapp/app/views"
  * "/Users/peter/.rbenv/versions/2.5.1/lib/ruby/gems/2.5.0/gems/actiontext-6.1.6/app/views"
  * "/Users/peter/.rbenv/versions/2.5.1/lib/ruby/gems/2.5.0/gems/actionmailbox-6.1.6/app/views":
  app/controllers/sessions_controller.rb:13:in `create'

Started POST "/__better_errors/e2a407543a742632/variables" for 127.51.68.120 at 2022-06-01 16:32:36 -0700
Started GET "/session" for 127.51.68.120 at 2022-06-01 16:33:28 -0700
  
ActionController::RoutingError (No route matches [GET] "/session"):
  
Started GET "/users" for 127.51.68.120 at 2022-06-01 16:33:42 -0700
  [1m[35m (0.8ms)[0m  [1m[34mSELECT "schema_migrations"."version" FROM "schema_migrations" ORDER BY "schema_migrations"."version" ASC[0m
Processing by UsersController#index as HTML
  Rendering layout layouts/application.html.erb
  Rendering users/index.html.erb within layouts/application
  [1m[36mUser Load (1.3ms)[0m  [1m[34mSELECT "users".* FROM "users"[0m
  ↳ app/views/users/index.html.erb:1
  Rendered users/index.html.erb within layouts/application (Duration: 13.7ms | Allocations: 6172)
[Webpacker] Everything's up-to-date. Nothing to do
  [1m[36mUser Load (0.9ms)[0m  [1m[34mSELECT "users".* FROM "users" WHERE "users"."session_token" = $1 LIMIT $2[0m  [["session_token", "KpNvSTqwCWPDqUBg1_1cyw"], ["LIMIT", 1]]
  ↳ app/controllers/application_controller.rb:6:in `current_user'
  Rendered layout layouts/application.html.erb (Duration: 36.2ms | Allocations: 16321)
Completed 200 OK in 59ms (Views: 38.9ms | ActiveRecord: 7.6ms | Allocations: 21390)


Started POST "/session" for 127.51.68.120 at 2022-06-01 16:33:45 -0700
Processing by SessionsController#create as HTML
  Parameters: {"authenticity_token"=>"[FILTERED]"}
Completed 500 Internal Server Error in 1ms (ActiveRecord: 0.0ms | Allocations: 1512)



NoMethodError - undefined method `[]' for nil:NilClass:
  app/controllers/sessions_controller.rb:8:in `create'

Started POST "/__better_errors/8adc539d0edcf1b9/variables" for 127.51.68.120 at 2022-06-01 16:33:45 -0700
Started GET "/users" for 127.51.68.120 at 2022-06-01 16:33:48 -0700
Processing by UsersController#index as HTML
  Rendering layout layouts/application.html.erb
  Rendering users/index.html.erb within layouts/application
  [1m[36mUser Load (0.8ms)[0m  [1m[34mSELECT "users".* FROM "users"[0m
  ↳ app/views/users/index.html.erb:1
  Rendered users/index.html.erb within layouts/application (Duration: 2.9ms | Allocations: 1056)
[Webpacker] Everything's up-to-date. Nothing to do
  [1m[36mUser Load (0.9ms)[0m  [1m[34mSELECT "users".* FROM "users" WHERE "users"."session_token" = $1 LIMIT $2[0m  [["session_token", "KpNvSTqwCWPDqUBg1_1cyw"], ["LIMIT", 1]]
  ↳ app/controllers/application_controller.rb:6:in `current_user'
  Rendered layout layouts/application.html.erb (Duration: 12.2ms | Allocations: 7428)
Completed 200 OK in 13ms (Views: 11.0ms | ActiveRecord: 1.7ms | Allocations: 7865)


Started POST "/session" for 127.51.68.120 at 2022-06-01 16:33:55 -0700
Processing by SessionsController#create as HTML
  Parameters: {"authenticity_token"=>"[FILTERED]"}
Completed 500 Internal Server Error in 1ms (ActiveRecord: 0.0ms | Allocations: 1485)



NoMethodError - undefined method `[]' for nil:NilClass:
  app/controllers/sessions_controller.rb:8:in `create'

Started POST "/__better_errors/a4891d405bb808a3/variables" for 127.51.68.120 at 2022-06-01 16:33:55 -0700
Started GET "/session" for 127.51.68.120 at 2022-06-01 16:35:16 -0700
  
ActionController::RoutingError (No route matches [GET] "/session"):
  
Started GET "/users" for 127.51.68.120 at 2022-06-01 16:35:21 -0700
Processing by UsersController#index as HTML
  Rendering layout layouts/application.html.erb
  Rendering users/index.html.erb within layouts/application
  [1m[36mUser Load (0.8ms)[0m  [1m[34mSELECT "users".* FROM "users"[0m
  ↳ app/views/users/index.html.erb:1
  Rendered users/index.html.erb within layouts/application (Duration: 13.5ms | Allocations: 5279)
[Webpacker] Everything's up-to-date. Nothing to do
  [1m[36mUser Load (0.8ms)[0m  [1m[34mSELECT "users".* FROM "users" WHERE "users"."session_token" = $1 LIMIT $2[0m  [["session_token", "KpNvSTqwCWPDqUBg1_1cyw"], ["LIMIT", 1]]
  ↳ app/controllers/application_controller.rb:6:in `current_user'
  Rendered layout layouts/application.html.erb (Duration: 26.0ms | Allocations: 12071)
Completed 200 OK in 30ms (Views: 21.4ms | ActiveRecord: 7.0ms | Allocations: 13979)


Started GET "/users/new" for 127.51.68.120 at 2022-06-01 16:35:26 -0700
Processing by UsersController#new as HTML
  Rendering layout layouts/application.html.erb
  Rendering users/new.html.erb within layouts/application
  Rendered users/new.html.erb within layouts/application (Duration: 0.6ms | Allocations: 236)
[Webpacker] Everything's up-to-date. Nothing to do
  [1m[36mUser Load (0.9ms)[0m  [1m[34mSELECT "users".* FROM "users" WHERE "users"."session_token" = $1 LIMIT $2[0m  [["session_token", "KpNvSTqwCWPDqUBg1_1cyw"], ["LIMIT", 1]]
  ↳ app/controllers/application_controller.rb:6:in `current_user'
  Rendered layout layouts/application.html.erb (Duration: 10.9ms | Allocations: 6770)
Completed 200 OK in 12ms (Views: 11.0ms | ActiveRecord: 0.9ms | Allocations: 7356)


Started POST "/session" for 127.51.68.120 at 2022-06-01 16:35:29 -0700
Processing by SessionsController#create as HTML
  Parameters: {"authenticity_token"=>"[FILTERED]", "user"=>{"email"=>"", "password"=>"[FILTERED]"}}
  [1m[36mUser Load (0.7ms)[0m  [1m[34mSELECT "users".* FROM "users" WHERE "users"."email" = $1 LIMIT $2[0m  [["email", ""], ["LIMIT", 1]]
  ↳ app/models/user.rb:45:in `find_by_credentials'
Completed 500 Internal Server Error in 6ms (ActiveRecord: 0.7ms | Allocations: 2999)



ActionView::MissingTemplate - Missing template sessions/new, application/new with {:locale=>[:en], :formats=>[:html], :variants=>[], :handlers=>[:raw, :erb, :html, :builder, :ruby, :jbuilder]}. Searched in:
  * "/Users/peter/Desktop/aa/aa_classwork/w7d3/musicapp/app/views"
  * "/Users/peter/.rbenv/versions/2.5.1/lib/ruby/gems/2.5.0/gems/actiontext-6.1.6/app/views"
  * "/Users/peter/.rbenv/versions/2.5.1/lib/ruby/gems/2.5.0/gems/actionmailbox-6.1.6/app/views":
  app/controllers/sessions_controller.rb:13:in `create'

Started POST "/__better_errors/85c8b9fde98e2849/variables" for 127.51.68.120 at 2022-06-01 16:35:29 -0700
Started GET "/users" for 127.51.68.120 at 2022-06-01 16:36:41 -0700
Processing by UsersController#index as HTML
  Rendering layout layouts/application.html.erb
  Rendering users/index.html.erb within layouts/application
  [1m[36mUser Load (0.8ms)[0m  [1m[34mSELECT "users".* FROM "users"[0m
  ↳ app/views/users/index.html.erb:1
  Rendered users/index.html.erb within layouts/application (Duration: 12.8ms | Allocations: 5155)
[Webpacker] Everything's up-to-date. Nothing to do
  [1m[36mUser Load (0.8ms)[0m  [1m[34mSELECT "users".* FROM "users" WHERE "users"."session_token" = $1 LIMIT $2[0m  [["session_token", "KpNvSTqwCWPDqUBg1_1cyw"], ["LIMIT", 1]]
  ↳ app/controllers/application_controller.rb:6:in `current_user'
  Rendered layout layouts/application.html.erb (Duration: 22.9ms | Allocations: 11613)
Completed 200 OK in 25ms (Views: 16.8ms | ActiveRecord: 6.8ms | Allocations: 12910)


Started POST "/session" for 127.51.68.120 at 2022-06-01 16:36:43 -0700
Processing by SessionsController#create as HTML
  Parameters: {"authenticity_token"=>"[FILTERED]"}
Completed 500 Internal Server Error in 1ms (ActiveRecord: 0.0ms | Allocations: 1488)



NoMethodError - undefined method `[]' for nil:NilClass:
  app/controllers/sessions_controller.rb:8:in `create'

Started POST "/__better_errors/045b2e3321e34f2c/variables" for 127.51.68.120 at 2022-06-01 16:36:43 -0700
Started GET "/users" for 127.51.68.120 at 2022-06-01 16:37:50 -0700
Processing by UsersController#index as HTML
  Rendering layout layouts/application.html.erb
  Rendering users/index.html.erb within layouts/application
  [1m[36mUser Load (0.8ms)[0m  [1m[34mSELECT "users".* FROM "users"[0m
  ↳ app/views/users/index.html.erb:1
  Rendered users/index.html.erb within layouts/application (Duration: 13.0ms | Allocations: 5147)
[Webpacker] Everything's up-to-date. Nothing to do
  [1m[36mUser Load (0.9ms)[0m  [1m[34mSELECT "users".* FROM "users" WHERE "users"."session_token" = $1 LIMIT $2[0m  [["session_token", "KpNvSTqwCWPDqUBg1_1cyw"], ["LIMIT", 1]]
  ↳ app/controllers/application_controller.rb:6:in `current_user'
  Rendered layout layouts/application.html.erb (Duration: 23.3ms | Allocations: 11604)
Completed 200 OK in 26ms (Views: 17.5ms | ActiveRecord: 6.5ms | Allocations: 12895)


Started POST "/session" for 127.51.68.120 at 2022-06-01 16:37:52 -0700
Processing by SessionsController#create as HTML
  Parameters: {"authenticity_token"=>"[FILTERED]"}
Completed 500 Internal Server Error in 2ms (ActiveRecord: 0.0ms | Allocations: 1488)



NoMethodError - undefined method `[]' for nil:NilClass:
  app/controllers/sessions_controller.rb:8:in `create'

Started POST "/__better_errors/e594e90b3a17de81/variables" for 127.51.68.120 at 2022-06-01 16:37:52 -0700
Started GET "/users" for 127.51.68.120 at 2022-06-01 16:38:39 -0700
  [1m[35m (0.8ms)[0m  [1m[34mSELECT "schema_migrations"."version" FROM "schema_migrations" ORDER BY "schema_migrations"."version" ASC[0m
Processing by UsersController#index as HTML
  Rendering layout layouts/application.html.erb
  Rendering users/index.html.erb within layouts/application
  [1m[36mUser Load (1.2ms)[0m  [1m[34mSELECT "users".* FROM "users"[0m
  ↳ app/views/users/index.html.erb:1
  Rendered users/index.html.erb within layouts/application (Duration: 13.5ms | Allocations: 6172)
[Webpacker] Everything's up-to-date. Nothing to do
  [1m[36mUser Load (0.8ms)[0m  [1m[34mSELECT "users".* FROM "users" WHERE "users"."session_token" = $1 LIMIT $2[0m  [["session_token", "KpNvSTqwCWPDqUBg1_1cyw"], ["LIMIT", 1]]
  ↳ app/controllers/application_controller.rb:6:in `current_user'
  Rendered layout layouts/application.html.erb (Duration: 31.4ms | Allocations: 16321)
Completed 200 OK in 48ms (Views: 28.5ms | ActiveRecord: 7.8ms | Allocations: 21390)


Started POST "/session" for 127.51.68.120 at 2022-06-01 16:38:41 -0700
Processing by SessionsController#create as HTML
  Parameters: {"authenticity_token"=>"[FILTERED]"}
Completed 500 Internal Server Error in 109939ms (ActiveRecord: 0.0ms | Allocations: 56093)



NoMethodError - undefined method `[]' for nil:NilClass:
  app/controllers/sessions_controller.rb:9:in `create'

Started POST "/__better_errors/61f0f93512631107/variables" for 127.51.68.120 at 2022-06-01 16:40:31 -0700
Started GET "/users" for 127.51.68.120 at 2022-06-01 16:40:38 -0700
Processing by UsersController#index as HTML
  Rendering layout layouts/application.html.erb
  Rendering users/index.html.erb within layouts/application
  [1m[36mUser Load (0.8ms)[0m  [1m[34mSELECT "users".* FROM "users"[0m
  ↳ app/views/users/index.html.erb:1
  Rendered users/index.html.erb within layouts/application (Duration: 3.3ms | Allocations: 1184)
[Webpacker] Everything's up-to-date. Nothing to do
  [1m[36mUser Load (0.9ms)[0m  [1m[34mSELECT "users".* FROM "users" WHERE "users"."session_token" = $1 LIMIT $2[0m  [["session_token", "KpNvSTqwCWPDqUBg1_1cyw"], ["LIMIT", 1]]
  ↳ app/controllers/application_controller.rb:6:in `current_user'
  Rendered layout layouts/application.html.erb (Duration: 13.6ms | Allocations: 7876)
Completed 200 OK in 16ms (Views: 14.1ms | ActiveRecord: 1.7ms | Allocations: 9072)


Started POST "/session" for 127.51.68.120 at 2022-06-01 16:40:40 -0700
Processing by SessionsController#create as HTML
  Parameters: {"authenticity_token"=>"[FILTERED]"}
Completed 500 Internal Server Error in 31428ms (ActiveRecord: 0.0ms | Allocations: 3616)



NoMethodError - undefined method `[]' for nil:NilClass:
  app/controllers/sessions_controller.rb:9:in `create'

Started POST "/__better_errors/5d81d869f1a51267/variables" for 127.51.68.120 at 2022-06-01 16:41:11 -0700
Started GET "/users/new" for 127.51.68.120 at 2022-06-01 16:41:18 -0700
Processing by UsersController#new as HTML
  Rendering layout layouts/application.html.erb
  Rendering users/new.html.erb within layouts/application
  Rendered users/new.html.erb within layouts/application (Duration: 0.6ms | Allocations: 237)
[Webpacker] Everything's up-to-date. Nothing to do
  [1m[36mUser Load (0.9ms)[0m  [1m[34mSELECT "users".* FROM "users" WHERE "users"."session_token" = $1 LIMIT $2[0m  [["session_token", "KpNvSTqwCWPDqUBg1_1cyw"], ["LIMIT", 1]]
  ↳ app/controllers/application_controller.rb:6:in `current_user'
  Rendered layout layouts/application.html.erb (Duration: 12.3ms | Allocations: 7096)
Completed 200 OK in 15ms (Views: 13.6ms | ActiveRecord: 0.9ms | Allocations: 8316)


Started DELETE "/session" for 127.51.68.120 at 2022-06-01 16:41:20 -0700
Processing by SessionsController#destroy as HTML
  Parameters: {"authenticity_token"=>"[FILTERED]", "user"=>{"email"=>"", "password"=>"[FILTERED]"}}
  [1m[36mUser Load (0.7ms)[0m  [1m[34mSELECT "users".* FROM "users" WHERE "users"."session_token" = $1 LIMIT $2[0m  [["session_token", "KpNvSTqwCWPDqUBg1_1cyw"], ["LIMIT", 1]]
  ↳ app/controllers/application_controller.rb:6:in `current_user'
  [1m[36mTRANSACTION (0.8ms)[0m  [1m[35mBEGIN[0m
  ↳ app/models/user.rb:36:in `reset_session_token!'
  [1m[36mUser Exists? (1.1ms)[0m  [1m[34mSELECT 1 AS one FROM "users" WHERE "users"."email" = $1 AND "users"."id" != $2 LIMIT $3[0m  [["email", "newnew5"], ["id", 7], ["LIMIT", 1]]
  ↳ app/models/user.rb:36:in `reset_session_token!'
  [1m[36mUser Exists? (1.2ms)[0m  [1m[34mSELECT 1 AS one FROM "users" WHERE "users"."session_token" = $1 AND "users"."id" != $2 LIMIT $3[0m  [["session_token", "Y3_CgX9ccL2ejBDWTPu12g"], ["id", 7], ["LIMIT", 1]]
  ↳ app/models/user.rb:36:in `reset_session_token!'
  [1m[36mUser Update (43.9ms)[0m  [1m[33mUPDATE "users" SET "session_token" = $1, "updated_at" = $2 WHERE "users"."id" = $3[0m  [["session_token", "Y3_CgX9ccL2ejBDWTPu12g"], ["updated_at", "2022-06-01 23:41:20.159889"], ["id", 7]]
  ↳ app/models/user.rb:36:in `reset_session_token!'
  [1m[36mTRANSACTION (2.2ms)[0m  [1m[35mCOMMIT[0m
  ↳ app/models/user.rb:36:in `reset_session_token!'
Redirected to http://127.51.68.120:3000/users
Completed 302 Found in 62ms (ActiveRecord: 49.8ms | Allocations: 5538)


Started GET "/users" for 127.51.68.120 at 2022-06-01 16:41:20 -0700
Processing by UsersController#index as HTML
  Rendering layout layouts/application.html.erb
  Rendering users/index.html.erb within layouts/application
  [1m[36mUser Load (0.9ms)[0m  [1m[34mSELECT "users".* FROM "users"[0m
  ↳ app/views/users/index.html.erb:1
  Rendered users/index.html.erb within layouts/application (Duration: 3.4ms | Allocations: 1173)
[Webpacker] Everything's up-to-date. Nothing to do
  Rendered layout layouts/application.html.erb (Duration: 11.8ms | Allocations: 6862)
Completed 200 OK in 13ms (Views: 11.8ms | ActiveRecord: 0.9ms | Allocations: 7418)


Started GET "/users" for 127.51.68.120 at 2022-06-01 16:46:28 -0700
Processing by UsersController#index as HTML
  Rendering layout layouts/application.html.erb
  Rendering users/index.html.erb within layouts/application
  [1m[36mUser Load (0.8ms)[0m  [1m[34mSELECT "users".* FROM "users"[0m
  ↳ app/views/users/index.html.erb:1
  Rendered users/index.html.erb within layouts/application (Duration: 3.6ms | Allocations: 1184)
[Webpacker] Everything's up-to-date. Nothing to do
  Rendered layout layouts/application.html.erb (Duration: 12.9ms | Allocations: 7182)
Completed 200 OK in 17ms (Views: 15.5ms | ActiveRecord: 0.8ms | Allocations: 8378)


Started GET "/users" for 127.51.68.120 at 2022-06-01 16:46:49 -0700
Processing by UsersController#index as HTML
  Rendering layout layouts/application.html.erb
  Rendering users/index.html.erb within layouts/application
  [1m[36mUser Load (1.1ms)[0m  [1m[34mSELECT "users".* FROM "users"[0m
  ↳ app/views/users/index.html.erb:1
  Rendered users/index.html.erb within layouts/application (Duration: 4.3ms | Allocations: 1175)
[Webpacker] Everything's up-to-date. Nothing to do
  Rendered layout layouts/application.html.erb (Duration: 13.9ms | Allocations: 7173)
Completed 200 OK in 19ms (Views: 16.7ms | ActiveRecord: 1.1ms | Allocations: 8359)


Started GET "/users" for 127.51.68.120 at 2022-06-01 16:47:00 -0700
Processing by UsersController#index as HTML
  Rendering layout layouts/application.html.erb
  Rendering users/index.html.erb within layouts/application
  [1m[36mUser Load (0.8ms)[0m  [1m[34mSELECT "users".* FROM "users"[0m
  ↳ app/views/users/index.html.erb:1
  Rendered users/index.html.erb within layouts/application (Duration: 3.1ms | Allocations: 1173)
[Webpacker] Everything's up-to-date. Nothing to do
  Rendered layout layouts/application.html.erb (Duration: 11.2ms | Allocations: 7170)
Completed 200 OK in 14ms (Views: 12.7ms | ActiveRecord: 0.8ms | Allocations: 8351)


Started GET "/users" for 127.51.68.120 at 2022-06-01 16:47:01 -0700
Processing by UsersController#index as HTML
  Rendering layout layouts/application.html.erb
  Rendering users/index.html.erb within layouts/application
  [1m[36mUser Load (0.8ms)[0m  [1m[34mSELECT "users".* FROM "users"[0m
  ↳ app/views/users/index.html.erb:1
  Rendered users/index.html.erb within layouts/application (Duration: 2.9ms | Allocations: 1048)
[Webpacker] Everything's up-to-date. Nothing to do
  Rendered layout layouts/application.html.erb (Duration: 10.5ms | Allocations: 6726)
Completed 200 OK in 12ms (Views: 10.3ms | ActiveRecord: 0.8ms | Allocations: 7157)


Started GET "/users" for 127.51.68.120 at 2022-06-01 16:58:53 -0700
Processing by UsersController#index as HTML
  Rendering layout layouts/application.html.erb
  Rendering users/index.html.erb within layouts/application
  [1m[36mUser Load (1.0ms)[0m  [1m[34mSELECT "users".* FROM "users"[0m
  ↳ app/views/users/index.html.erb:1
  Rendered users/index.html.erb within layouts/application (Duration: 64.8ms | Allocations: 5604)
[Webpacker] Everything's up-to-date. Nothing to do
  Rendered layout layouts/application.html.erb (Duration: 93.0ms | Allocations: 19082)
Completed 200 OK in 97ms (Views: 96.7ms | ActiveRecord: 53.3ms | Allocations: 20264)


Started GET "/users" for 127.51.68.120 at 2022-06-01 16:59:12 -0700
Processing by UsersController#index as HTML
  Rendering layout layouts/application.html.erb
  Rendering users/index.html.erb within layouts/application
  [1m[36mUser Load (0.9ms)[0m  [1m[34mSELECT "users".* FROM "users"[0m
  ↳ app/views/users/index.html.erb:1
  Rendered users/index.html.erb within layouts/application (Duration: 37.8ms | Allocations: 1048)
[Webpacker] Everything's up-to-date. Nothing to do
  Rendered layout layouts/application.html.erb (Duration: 53.6ms | Allocations: 6725)
Completed 200 OK in 55ms (Views: 53.3ms | ActiveRecord: 0.9ms | Allocations: 7153)


Started GET "/users" for 127.51.68.120 at 2022-06-01 17:01:56 -0700
Processing by UsersController#index as HTML
  Rendering layout layouts/application.html.erb
  Rendering users/index.html.erb within layouts/application
  [1m[36mUser Load (0.8ms)[0m  [1m[34mSELECT "users".* FROM "users"[0m
  ↳ app/views/users/index.html.erb:1
  Rendered users/index.html.erb within layouts/application (Duration: 3.5ms | Allocations: 1174)
[Webpacker] Everything's up-to-date. Nothing to do
  Rendered layout layouts/application.html.erb (Duration: 32.5ms | Allocations: 12760)
Completed 200 OK in 36ms (Views: 34.6ms | ActiveRecord: 0.8ms | Allocations: 13946)


Started GET "/users" for 127.51.68.120 at 2022-06-01 17:03:38 -0700
Processing by UsersController#index as HTML
  Rendering layout layouts/application.html.erb
  Rendering users/index.html.erb within layouts/application
  [1m[36mUser Load (0.8ms)[0m  [1m[34mSELECT "users".* FROM "users"[0m
  ↳ app/views/users/index.html.erb:1
  Rendered users/index.html.erb within layouts/application (Duration: 3.6ms | Allocations: 1173)
[Webpacker] Everything's up-to-date. Nothing to do
  Rendered layout layouts/application.html.erb (Duration: 36.1ms | Allocations: 14355)
Completed 200 OK in 41ms (Views: 39.5ms | ActiveRecord: 0.8ms | Allocations: 15536)


Started GET "/users" for 127.51.68.120 at 2022-06-01 17:04:11 -0700
Processing by UsersController#index as HTML
  Rendering layout layouts/application.html.erb
  Rendering users/index.html.erb within layouts/application
  [1m[36mUser Load (0.8ms)[0m  [1m[34mSELECT "users".* FROM "users"[0m
  ↳ app/views/users/index.html.erb:1
  Rendered users/index.html.erb within layouts/application (Duration: 3.1ms | Allocations: 1048)
[Webpacker] Everything's up-to-date. Nothing to do
  Rendered layout layouts/application.html.erb (Duration: 23.4ms | Allocations: 12310)
Completed 200 OK in 24ms (Views: 23.2ms | ActiveRecord: 0.8ms | Allocations: 12737)


Started GET "/users" for 127.51.68.120 at 2022-06-01 17:04:33 -0700
Processing by UsersController#index as HTML
  Rendering layout layouts/application.html.erb
  Rendering users/index.html.erb within layouts/application
  [1m[36mUser Load (0.8ms)[0m  [1m[34mSELECT "users".* FROM "users"[0m
  ↳ app/views/users/index.html.erb:1
  Rendered users/index.html.erb within layouts/application (Duration: 2.9ms | Allocations: 1048)
[Webpacker] Everything's up-to-date. Nothing to do
  Rendered layout layouts/application.html.erb (Duration: 24.4ms | Allocations: 13698)
Completed 200 OK in 25ms (Views: 24.0ms | ActiveRecord: 0.8ms | Allocations: 14124)


Started GET "/users" for 127.51.68.120 at 2022-06-01 17:04:40 -0700
Processing by UsersController#index as HTML
  Rendering layout layouts/application.html.erb
  Rendering users/index.html.erb within layouts/application
  [1m[36mUser Load (0.8ms)[0m  [1m[34mSELECT "users".* FROM "users"[0m
  ↳ app/views/users/index.html.erb:1
  Rendered users/index.html.erb within layouts/application (Duration: 3.1ms | Allocations: 1048)
[Webpacker] Everything's up-to-date. Nothing to do
  Rendered layout layouts/application.html.erb (Duration: 11.1ms | Allocations: 6726)
Completed 200 OK in 12ms (Views: 10.8ms | ActiveRecord: 0.8ms | Allocations: 7153)


Started GET "/users" for 127.51.68.120 at 2022-06-01 17:04:51 -0700
Processing by UsersController#index as HTML
  Rendering layout layouts/application.html.erb
  Rendering users/index.html.erb within layouts/application
  [1m[36mUser Load (0.9ms)[0m  [1m[34mSELECT "users".* FROM "users"[0m
  ↳ app/views/users/index.html.erb:1
  Rendered users/index.html.erb within layouts/application (Duration: 3.6ms | Allocations: 1178)
[Webpacker] Everything's up-to-date. Nothing to do
  Rendered layout layouts/application.html.erb (Duration: 25.7ms | Allocations: 14292)
Completed 200 OK in 28ms (Views: 26.9ms | ActiveRecord: 0.9ms | Allocations: 15478)


Started GET "/users" for 127.51.68.120 at 2022-06-01 17:05:08 -0700
Processing by UsersController#index as HTML
  Rendering layout layouts/application.html.erb
  Rendering users/index.html.erb within layouts/application
  [1m[36mUser Load (0.8ms)[0m  [1m[34mSELECT "users".* FROM "users"[0m
  ↳ app/views/users/index.html.erb:1
  Rendered users/index.html.erb within layouts/application (Duration: 3.3ms | Allocations: 1176)
[Webpacker] Everything's up-to-date. Nothing to do
  Rendered layout layouts/application.html.erb (Duration: 11.6ms | Allocations: 7181)
Completed 200 OK in 14ms (Views: 12.9ms | ActiveRecord: 0.8ms | Allocations: 8367)


Started GET "/users" for 127.51.68.120 at 2022-06-01 17:06:20 -0700
Processing by UsersController#index as HTML
  Rendering layout layouts/application.html.erb
  Rendering users/index.html.erb within layouts/application
  [1m[36mUser Load (0.9ms)[0m  [1m[34mSELECT "users".* FROM "users"[0m
  ↳ app/views/users/index.html.erb:1
  Rendered users/index.html.erb within layouts/application (Duration: 3.6ms | Allocations: 1173)
[Webpacker] Everything's up-to-date. Nothing to do
  Rendered layout layouts/application.html.erb (Duration: 11.5ms | Allocations: 7178)
Completed 200 OK in 14ms (Views: 12.8ms | ActiveRecord: 0.9ms | Allocations: 8359)


Started GET "/users" for 127.51.68.120 at 2022-06-01 17:06:29 -0700
Processing by UsersController#index as HTML
  Rendering layout layouts/application.html.erb
  Rendering users/index.html.erb within layouts/application
  [1m[36mUser Load (0.8ms)[0m  [1m[34mSELECT "users".* FROM "users"[0m
  ↳ app/views/users/index.html.erb:1
  Rendered users/index.html.erb within layouts/application (Duration: 3.2ms | Allocations: 1173)
[Webpacker] Everything's up-to-date. Nothing to do
  Rendered layout layouts/application.html.erb (Duration: 11.5ms | Allocations: 7177)
Completed 200 OK in 14ms (Views: 12.9ms | ActiveRecord: 0.8ms | Allocations: 8357)


Started GET "/users" for 127.51.68.120 at 2022-06-01 17:06:36 -0700
Processing by UsersController#index as HTML
  Rendering layout layouts/application.html.erb
  Rendering users/index.html.erb within layouts/application
  [1m[36mUser Load (1.2ms)[0m  [1m[34mSELECT "users".* FROM "users"[0m
  ↳ app/views/users/index.html.erb:1
  Rendered users/index.html.erb within layouts/application (Duration: 4.2ms | Allocations: 1173)
[Webpacker] Everything's up-to-date. Nothing to do
  Rendered layout layouts/application.html.erb (Duration: 12.8ms | Allocations: 7177)
Completed 200 OK in 15ms (Views: 13.7ms | ActiveRecord: 1.2ms | Allocations: 8358)


Started GET "/users" for 127.51.68.120 at 2022-06-01 17:06:52 -0700
Processing by UsersController#index as HTML
  Rendering layout layouts/application.html.erb
  Rendering users/index.html.erb within layouts/application
  [1m[36mUser Load (0.8ms)[0m  [1m[34mSELECT "users".* FROM "users"[0m
  ↳ app/views/users/index.html.erb:1
  Rendered users/index.html.erb within layouts/application (Duration: 3.0ms | Allocations: 1048)
[Webpacker] Everything's up-to-date. Nothing to do
  Rendered layout layouts/application.html.erb (Duration: 21.9ms | Allocations: 13723)
Completed 200 OK in 23ms (Views: 21.6ms | ActiveRecord: 0.8ms | Allocations: 14150)


Started GET "/users" for 127.51.68.120 at 2022-06-01 17:11:13 -0700
Processing by UsersController#index as HTML
  Rendering layout layouts/application.html.erb
  Rendering users/index.html.erb within layouts/application
  [1m[36mUser Load (0.8ms)[0m  [1m[34mSELECT "users".* FROM "users"[0m
  ↳ app/views/users/index.html.erb:1
  Rendered users/index.html.erb within layouts/application (Duration: 3.6ms | Allocations: 1178)
[Webpacker] Everything's up-to-date. Nothing to do
  Rendered layout layouts/application.html.erb (Duration: 23.3ms | Allocations: 15680)
Completed 200 OK in 26ms (Views: 25.0ms | ActiveRecord: 0.8ms | Allocations: 16866)


Started GET "/users" for 127.51.68.120 at 2022-06-01 17:11:14 -0700
Processing by UsersController#index as HTML
  Rendering layout layouts/application.html.erb
  Rendering users/index.html.erb within layouts/application
  [1m[36mUser Load (0.8ms)[0m  [1m[34mSELECT "users".* FROM "users"[0m
  ↳ app/views/users/index.html.erb:1
  Rendered users/index.html.erb within layouts/application (Duration: 3.0ms | Allocations: 1048)
[Webpacker] Everything's up-to-date. Nothing to do
  Rendered layout layouts/application.html.erb (Duration: 10.6ms | Allocations: 6725)
Completed 200 OK in 12ms (Views: 10.3ms | ActiveRecord: 0.8ms | Allocations: 7152)


Started GET "/users" for 127.51.68.120 at 2022-06-01 17:11:19 -0700
Processing by UsersController#index as HTML
  Rendering layout layouts/application.html.erb
  Rendering users/index.html.erb within layouts/application
  [1m[36mUser Load (0.8ms)[0m  [1m[34mSELECT "users".* FROM "users"[0m
  ↳ app/views/users/index.html.erb:1
  Rendered users/index.html.erb within layouts/application (Duration: 3.0ms | Allocations: 1048)
[Webpacker] Everything's up-to-date. Nothing to do
  Rendered layout layouts/application.html.erb (Duration: 25.4ms | Allocations: 16722)
Completed 200 OK in 26ms (Views: 25.2ms | ActiveRecord: 0.8ms | Allocations: 17149)


Started GET "/users" for 127.51.68.120 at 2022-06-01 17:11:28 -0700
Processing by UsersController#index as HTML
  Rendering layout layouts/application.html.erb
  Rendering users/index.html.erb within layouts/application
  [1m[36mUser Load (0.8ms)[0m  [1m[34mSELECT "users".* FROM "users"[0m
  ↳ app/views/users/index.html.erb:1
  Rendered users/index.html.erb within layouts/application (Duration: 3.1ms | Allocations: 1048)
[Webpacker] Everything's up-to-date. Nothing to do
  Rendered layout layouts/application.html.erb (Duration: 10.4ms | Allocations: 6725)
Completed 200 OK in 11ms (Views: 10.1ms | ActiveRecord: 0.8ms | Allocations: 7151)


Started GET "/users" for 127.51.68.120 at 2022-06-01 17:13:59 -0700
Processing by UsersController#index as HTML
  Rendering layout layouts/application.html.erb
  Rendering users/index.html.erb within layouts/application
  [1m[36mUser Load (0.8ms)[0m  [1m[34mSELECT "users".* FROM "users"[0m
  ↳ app/views/users/index.html.erb:1
  Rendered users/index.html.erb within layouts/application (Duration: 3.8ms | Allocations: 1178)
[Webpacker] Everything's up-to-date. Nothing to do
  Rendered layout layouts/application.html.erb (Duration: 21.3ms | Allocations: 8494)
Completed 200 OK in 24ms (Views: 22.8ms | ActiveRecord: 0.8ms | Allocations: 9680)


Started GET "/users" for 127.51.68.120 at 2022-06-01 17:14:08 -0700
Processing by UsersController#index as HTML
  Rendering layout layouts/application.html.erb
  Rendering users/index.html.erb within layouts/application
  [1m[36mUser Load (0.8ms)[0m  [1m[34mSELECT "users".* FROM "users"[0m
  ↳ app/views/users/index.html.erb:1
  Rendered users/index.html.erb within layouts/application (Duration: 2.9ms | Allocations: 1048)
[Webpacker] Everything's up-to-date. Nothing to do
  Rendered layout layouts/application.html.erb (Duration: 23.7ms | Allocations: 13840)
Completed 200 OK in 25ms (Views: 23.9ms | ActiveRecord: 0.8ms | Allocations: 14268)


Started GET "/users" for 127.51.68.120 at 2022-06-01 17:14:12 -0700
Processing by UsersController#index as HTML
  Rendering layout layouts/application.html.erb
  Rendering users/index.html.erb within layouts/application
  [1m[36mUser Load (35.3ms)[0m  [1m[34mSELECT "users".* FROM "users"[0m
  ↳ app/views/users/index.html.erb:1
  Rendered users/index.html.erb within layouts/application (Duration: 37.7ms | Allocations: 1048)
[Webpacker] Everything's up-to-date. Nothing to do
  Rendered layout layouts/application.html.erb (Duration: 47.3ms | Allocations: 6726)
Completed 200 OK in 48ms (Views: 12.3ms | ActiveRecord: 35.3ms | Allocations: 7153)


Started GET "/users" for 127.51.68.120 at 2022-06-01 17:16:26 -0700
Processing by UsersController#index as HTML
  Rendering layout layouts/application.html.erb
  Rendering users/index.html.erb within layouts/application
  [1m[36mUser Load (0.8ms)[0m  [1m[34mSELECT "users".* FROM "users"[0m
  ↳ app/views/users/index.html.erb:1
  Rendered users/index.html.erb within layouts/application (Duration: 3.7ms | Allocations: 1176)
[Webpacker] Everything's up-to-date. Nothing to do
  Rendered layout layouts/application.html.erb (Duration: 18.3ms | Allocations: 7228)
Completed 200 OK in 21ms (Views: 19.6ms | ActiveRecord: 0.8ms | Allocations: 8413)


Started GET "/users" for 127.51.68.120 at 2022-06-01 17:16:49 -0700
Processing by UsersController#index as HTML
  Rendering layout layouts/application.html.erb
  Rendering users/index.html.erb within layouts/application
  [1m[36mUser Load (0.8ms)[0m  [1m[34mSELECT "users".* FROM "users"[0m
  ↳ app/views/users/index.html.erb:1
  Rendered users/index.html.erb within layouts/application (Duration: 3.1ms | Allocations: 1048)
[Webpacker] Everything's up-to-date. Nothing to do
  Rendered layout layouts/application.html.erb (Duration: 23.4ms | Allocations: 15351)
Completed 200 OK in 24ms (Views: 23.1ms | ActiveRecord: 0.8ms | Allocations: 15778)


Started GET "/users" for 127.51.68.120 at 2022-06-01 17:17:37 -0700
Processing by UsersController#index as HTML
  Rendering layout layouts/application.html.erb
  Rendering users/index.html.erb within layouts/application
  [1m[36mUser Load (0.8ms)[0m  [1m[34mSELECT "users".* FROM "users"[0m
  ↳ app/views/users/index.html.erb:1
  Rendered users/index.html.erb within layouts/application (Duration: 3.2ms | Allocations: 1048)
[Webpacker] Everything's up-to-date. Nothing to do
  Rendered layout layouts/application.html.erb (Duration: 14.2ms | Allocations: 8179)
Completed 200 OK in 15ms (Views: 13.8ms | ActiveRecord: 0.8ms | Allocations: 8606)


