  [1m[35m (162.7ms)[0m  [1m[35mCREATE DATABASE "URLShortener_development" ENCODING = 'unicode'[0m
  [1m[35m (67.5ms)[0m  [1m[35mCREATE DATABASE "URLShortener_test" ENCODING = 'unicode'[0m
  [1m[35m (47.3ms)[0m  [1m[35mCREATE TABLE "schema_migrations" ("version" character varying NOT NULL PRIMARY KEY)[0m
  [1m[35m (43.3ms)[0m  [1m[35mCREATE TABLE "ar_internal_metadata" ("key" character varying NOT NULL PRIMARY KEY, "value" character varying, "created_at" timestamp(6) NOT NULL, "updated_at" timestamp(6) NOT NULL)[0m
  [1m[35m (0.3ms)[0m  [1m[34mSELECT pg_try_advisory_lock(4762635147840476445)[0m
  [1m[35m (0.4ms)[0m  [1m[34mSELECT "schema_migrations"."version" FROM "schema_migrations" ORDER BY "schema_migrations"."version" ASC[0m
Migrating to CreateUsers (20220519230743)
  [1m[36mTRANSACTION (0.2ms)[0m  [1m[35mBEGIN[0m
  [1m[35m (42.4ms)[0m  [1m[35mCREATE TABLE "users" ("id" bigserial primary key, "email" character varying NOT NULL, "created_at" timestamp(6) NOT NULL, "updated_at" timestamp(6) NOT NULL)[0m
  [1m[35m (1.3ms)[0m  [1m[35mCREATE UNIQUE INDEX "index_users_on_email" ON "users" ("email")[0m
  [1m[36mActiveRecord::SchemaMigration Create (0.4ms)[0m  [1m[32mINSERT INTO "schema_migrations" ("version") VALUES ($1) RETURNING "version"[0m  [["version", "20220519230743"]]
  [1m[36mTRANSACTION (0.3ms)[0m  [1m[35mCOMMIT[0m
  [1m[36mActiveRecord::InternalMetadata Load (0.3ms)[0m  [1m[34mSELECT "ar_internal_metadata".* FROM "ar_internal_metadata" WHERE "ar_internal_metadata"."key" = $1 LIMIT $2[0m  [["key", "environment"], ["LIMIT", 1]]
  [1m[36mTRANSACTION (0.1ms)[0m  [1m[35mBEGIN[0m
  [1m[36mActiveRecord::InternalMetadata Create (0.4ms)[0m  [1m[32mINSERT INTO "ar_internal_metadata" ("key", "value", "created_at", "updated_at") VALUES ($1, $2, $3, $4) RETURNING "key"[0m  [["key", "environment"], ["value", "development"], ["created_at", "2022-05-19 23:13:52.799147"], ["updated_at", "2022-05-19 23:13:52.799147"]]
  [1m[36mTRANSACTION (39.4ms)[0m  [1m[35mCOMMIT[0m
  [1m[35m (0.3ms)[0m  [1m[34mSELECT pg_advisory_unlock(4762635147840476445)[0m
  [1m[35m (0.8ms)[0m  [1m[34mSELECT "schema_migrations"."version" FROM "schema_migrations" ORDER BY "schema_migrations"."version" ASC[0m
  [1m[36mTRANSACTION (0.2ms)[0m  [1m[35mBEGIN[0m
  [1m[36mUser Exists? (1.1ms)[0m  [1m[34mSELECT 1 AS one FROM "users" WHERE "users"."email" IS NULL LIMIT $1[0m  [["LIMIT", 1]]
  [1m[36mTRANSACTION (0.3ms)[0m  [1m[31mROLLBACK[0m
  [1m[36mTRANSACTION (0.5ms)[0m  [1m[35mBEGIN[0m
  [1m[36mUser Exists? (0.8ms)[0m  [1m[34mSELECT 1 AS one FROM "users" WHERE "users"."email" = $1 LIMIT $2[0m  [["email", "mail@mail.com"], ["LIMIT", 1]]
  [1m[36mUser Create (0.7ms)[0m  [1m[32mINSERT INTO "users" ("email", "created_at", "updated_at") VALUES ($1, $2, $3) RETURNING "id"[0m  [["email", "mail@mail.com"], ["created_at", "2022-05-19 23:17:21.863256"], ["updated_at", "2022-05-19 23:17:21.863256"]]
  [1m[36mTRANSACTION (39.4ms)[0m  [1m[35mCOMMIT[0m
  [1m[36mUser Load (0.2ms)[0m  [1m[34mSELECT "users".* FROM "users" /* loading for inspect */ LIMIT $1[0m  [["LIMIT", 11]]
  [1m[35m (0.5ms)[0m  [1m[34mSELECT "schema_migrations"."version" FROM "schema_migrations" ORDER BY "schema_migrations"."version" ASC[0m
  [1m[35m (0.2ms)[0m  [1m[34mSELECT pg_try_advisory_lock(4762635147840476445)[0m
  [1m[35m (0.5ms)[0m  [1m[34mSELECT "schema_migrations"."version" FROM "schema_migrations" ORDER BY "schema_migrations"."version" ASC[0m
Migrating to CreateShortenedUrls (20220519231929)
  [1m[36mTRANSACTION (0.2ms)[0m  [1m[35mBEGIN[0m
  [1m[35m (44.0ms)[0m  [1m[35mCREATE TABLE "shortened_urls" ("id" bigserial primary key, "long_link" character varying NOT NULL, "short_link" character varying NOT NULL, "user_id" integer NOT NULL, "created_at" timestamp(6) NOT NULL, "updated_at" timestamp(6) NOT NULL)[0m
  [1m[36mActiveRecord::SchemaMigration Create (0.3ms)[0m  [1m[32mINSERT INTO "schema_migrations" ("version") VALUES ($1) RETURNING "version"[0m  [["version", "20220519231929"]]
  [1m[36mTRANSACTION (0.6ms)[0m  [1m[35mCOMMIT[0m
  [1m[36mActiveRecord::InternalMetadata Load (0.3ms)[0m  [1m[34mSELECT "ar_internal_metadata".* FROM "ar_internal_metadata" WHERE "ar_internal_metadata"."key" = $1 LIMIT $2[0m  [["key", "environment"], ["LIMIT", 1]]
  [1m[35m (0.2ms)[0m  [1m[34mSELECT pg_advisory_unlock(4762635147840476445)[0m
  [1m[35m (0.6ms)[0m  [1m[34mSELECT "schema_migrations"."version" FROM "schema_migrations" ORDER BY "schema_migrations"."version" ASC[0m
  [1m[35m (0.5ms)[0m  [1m[34mSELECT "schema_migrations"."version" FROM "schema_migrations" ORDER BY "schema_migrations"."version" ASC[0m
  [1m[35m (1.2ms)[0m  [1m[34mSELECT "schema_migrations"."version" FROM "schema_migrations" ORDER BY "schema_migrations"."version" ASC[0m
  [1m[36mTRANSACTION (0.2ms)[0m  [1m[35mBEGIN[0m
  [1m[36mShortenedUrl Exists? (2.1ms)[0m  [1m[34mSELECT 1 AS one FROM "shortened_urls" WHERE "shortened_urls"."long_link" IS NULL LIMIT $1[0m  [["LIMIT", 1]]
  [1m[36mShortenedUrl Exists? (0.2ms)[0m  [1m[34mSELECT 1 AS one FROM "shortened_urls" WHERE "shortened_urls"."short_link" IS NULL LIMIT $1[0m  [["LIMIT", 1]]
  [1m[36mTRANSACTION (0.2ms)[0m  [1m[31mROLLBACK[0m
  [1m[36mTRANSACTION (0.2ms)[0m  [1m[35mBEGIN[0m
  [1m[36mShortenedUrl Exists? (0.3ms)[0m  [1m[34mSELECT 1 AS one FROM "shortened_urls" WHERE "shortened_urls"."long_link" IS NULL LIMIT $1[0m  [["LIMIT", 1]]
  [1m[36mShortenedUrl Exists? (0.2ms)[0m  [1m[34mSELECT 1 AS one FROM "shortened_urls" WHERE "shortened_urls"."short_link" IS NULL LIMIT $1[0m  [["LIMIT", 1]]
  [1m[36mTRANSACTION (0.2ms)[0m  [1m[31mROLLBACK[0m
  [1m[36mUser Load (0.7ms)[0m  [1m[34mSELECT "users".* FROM "users" /* loading for inspect */ LIMIT $1[0m  [["LIMIT", 11]]
  [1m[36mUser Load (0.3ms)[0m  [1m[34mSELECT "users".* FROM "users" ORDER BY "users"."id" ASC LIMIT $1[0m  [["LIMIT", 1]]
  [1m[36mShortenedUrl Exists? (0.6ms)[0m  [1m[34mSELECT 1 AS one FROM "shortened_urls" WHERE "shortened_urls"."short_link" = $1 LIMIT $2[0m  [["short_link", "HjpQMXCPIY92ERGF1qVyDw"], ["LIMIT", 1]]
  [1m[36mShortenedUrl Exists? (0.8ms)[0m  [1m[34mSELECT 1 AS one FROM "shortened_urls" WHERE "shortened_urls"."short_link" = $1 LIMIT $2[0m  [["short_link", "p3vKEU9oL5hxyzj5mttcLg"], ["LIMIT", 1]]
  [1m[36mUser Load (0.4ms)[0m  [1m[34mSELECT "users".* FROM "users" ORDER BY "users"."id" ASC LIMIT $1[0m  [["LIMIT", 1]]
  [1m[36mShortenedUrl Exists? (0.7ms)[0m  [1m[34mSELECT 1 AS one FROM "shortened_urls" WHERE "shortened_urls"."short_link" = $1 LIMIT $2[0m  [["short_link", "jH3jzaOwcpsLFUjgMulGdQ"], ["LIMIT", 1]]
  [1m[36mTRANSACTION (0.2ms)[0m  [1m[35mBEGIN[0m
  [1m[36mShortenedUrl Exists? (0.5ms)[0m  [1m[34mSELECT 1 AS one FROM "shortened_urls" WHERE "shortened_urls"."long_link" = $1 LIMIT $2[0m  [["long_link", "fhajhfkajehfkajhfaowe"], ["LIMIT", 1]]
  [1m[36mShortenedUrl Exists? (0.3ms)[0m  [1m[34mSELECT 1 AS one FROM "shortened_urls" WHERE "shortened_urls"."short_link" = $1 LIMIT $2[0m  [["short_link", "jH3jzaOwcpsLFUjgMulGdQ"], ["LIMIT", 1]]
  [1m[36mShortenedUrl Create (0.8ms)[0m  [1m[32mINSERT INTO "shortened_urls" ("long_link", "short_link", "user_id", "created_at", "updated_at") VALUES ($1, $2, $3, $4, $5) RETURNING "id"[0m  [["long_link", "fhajhfkajehfkajhfaowe"], ["short_link", "jH3jzaOwcpsLFUjgMulGdQ"], ["user_id", 1], ["created_at", "2022-05-20 00:04:29.472353"], ["updated_at", "2022-05-20 00:04:29.472353"]]
  [1m[36mTRANSACTION (0.7ms)[0m  [1m[35mCOMMIT[0m
  [1m[36mShortenedUrl Load (0.3ms)[0m  [1m[34mSELECT "shortened_urls".* FROM "shortened_urls" /* loading for inspect */ LIMIT $1[0m  [["LIMIT", 11]]
  [1m[36mTRANSACTION (0.2ms)[0m  [1m[35mBEGIN[0m
  [1m[36mUser Exists? (0.8ms)[0m  [1m[34mSELECT 1 AS one FROM "users" WHERE "users"."email" = $1 LIMIT $2[0m  [["email", "wendy@gmail.com"], ["LIMIT", 1]]
  [1m[36mUser Create (0.4ms)[0m  [1m[32mINSERT INTO "users" ("email", "created_at", "updated_at") VALUES ($1, $2, $3) RETURNING "id"[0m  [["email", "wendy@gmail.com"], ["created_at", "2022-05-20 00:11:58.465529"], ["updated_at", "2022-05-20 00:11:58.465529"]]
  [1m[36mTRANSACTION (41.1ms)[0m  [1m[35mCOMMIT[0m
  [1m[36mTRANSACTION (0.2ms)[0m  [1m[35mBEGIN[0m
  [1m[36mUser Exists? (0.4ms)[0m  [1m[34mSELECT 1 AS one FROM "users" WHERE "users"."email" = $1 LIMIT $2[0m  [["email", "peter@gmail.com"], ["LIMIT", 1]]
  [1m[36mUser Create (0.4ms)[0m  [1m[32mINSERT INTO "users" ("email", "created_at", "updated_at") VALUES ($1, $2, $3) RETURNING "id"[0m  [["email", "peter@gmail.com"], ["created_at", "2022-05-20 00:12:03.070889"], ["updated_at", "2022-05-20 00:12:03.070889"]]
  [1m[36mTRANSACTION (40.2ms)[0m  [1m[35mCOMMIT[0m
  [1m[36mUser Load (0.2ms)[0m  [1m[34mSELECT "users".* FROM "users" /* loading for inspect */ LIMIT $1[0m  [["LIMIT", 11]]
  [1m[36mShortenedUrl Exists? (0.3ms)[0m  [1m[34mSELECT 1 AS one FROM "shortened_urls" WHERE "shortened_urls"."short_link" = $1 LIMIT $2[0m  [["short_link", "82JnpIwFFWAF6KqKhGT9Xg"], ["LIMIT", 1]]
  [1m[36mShortenedUrl Exists? (0.2ms)[0m  [1m[34mSELECT 1 AS one FROM "shortened_urls" WHERE "shortened_urls"."short_link" = $1 LIMIT $2[0m  [["short_link", "KcCqNQCM6vsudTgKoQB2jg"], ["LIMIT", 1]]
  [1m[36mShortenedUrl Exists? (0.2ms)[0m  [1m[34mSELECT 1 AS one FROM "shortened_urls" WHERE "shortened_urls"."short_link" = $1 LIMIT $2[0m  [["short_link", "FKGkaV_W9DlA0uE8KmKwEQ"], ["LIMIT", 1]]
  [1m[36mShortenedUrl Exists? (0.3ms)[0m  [1m[34mSELECT 1 AS one FROM "shortened_urls" WHERE "shortened_urls"."short_link" = $1 LIMIT $2[0m  [["short_link", "MLhKlQGpV0caanV63yaanw"], ["LIMIT", 1]]
  [1m[36mShortenedUrl Load (0.4ms)[0m  [1m[34mSELECT "shortened_urls".* FROM "shortened_urls" /* loading for inspect */ LIMIT $1[0m  [["LIMIT", 11]]
  [1m[36mTRANSACTION (0.2ms)[0m  [1m[35mBEGIN[0m
  [1m[36mShortenedUrl Exists? (0.3ms)[0m  [1m[34mSELECT 1 AS one FROM "shortened_urls" WHERE "shortened_urls"."long_link" = $1 LIMIT $2[0m  [["long_link", "www.google.com"], ["LIMIT", 1]]
  [1m[36mShortenedUrl Exists? (0.4ms)[0m  [1m[34mSELECT 1 AS one FROM "shortened_urls" WHERE "shortened_urls"."short_link" = $1 LIMIT $2[0m  [["short_link", "MLhKlQGpV0caanV63yaanw"], ["LIMIT", 1]]
  [1m[36mUser Load (0.2ms)[0m  [1m[34mSELECT "users".* FROM "users" WHERE "users"."id" = $1 LIMIT $2[0m  [["id", 2], ["LIMIT", 1]]
  [1m[36mShortenedUrl Create (0.3ms)[0m  [1m[32mINSERT INTO "shortened_urls" ("long_link", "short_link", "user_id", "created_at", "updated_at") VALUES ($1, $2, $3, $4, $5) RETURNING "id"[0m  [["long_link", "www.google.com"], ["short_link", "MLhKlQGpV0caanV63yaanw"], ["user_id", 2], ["created_at", "2022-05-20 00:17:30.876664"], ["updated_at", "2022-05-20 00:17:30.876664"]]
  [1m[36mTRANSACTION (41.0ms)[0m  [1m[35mCOMMIT[0m
  [1m[36mShortenedUrl Load (0.3ms)[0m  [1m[34mSELECT "shortened_urls".* FROM "shortened_urls" /* loading for inspect */ LIMIT $1[0m  [["LIMIT", 11]]
  [1m[36mShortenedUrl Exists? (0.4ms)[0m  [1m[34mSELECT 1 AS one FROM "shortened_urls" WHERE "shortened_urls"."short_link" = $1 LIMIT $2[0m  [["short_link", "IQA91yqc7GEibnyVLOJe-g"], ["LIMIT", 1]]
  [1m[36mTRANSACTION (0.2ms)[0m  [1m[35mBEGIN[0m
  [1m[36mShortenedUrl Exists? (0.3ms)[0m  [1m[34mSELECT 1 AS one FROM "shortened_urls" WHERE "shortened_urls"."long_link" = $1 LIMIT $2[0m  [["long_link", "www.facebook.com"], ["LIMIT", 1]]
  [1m[36mShortenedUrl Exists? (0.3ms)[0m  [1m[34mSELECT 1 AS one FROM "shortened_urls" WHERE "shortened_urls"."short_link" = $1 LIMIT $2[0m  [["short_link", "IQA91yqc7GEibnyVLOJe-g"], ["LIMIT", 1]]
  [1m[36mUser Load (0.3ms)[0m  [1m[34mSELECT "users".* FROM "users" WHERE "users"."id" = $1 LIMIT $2[0m  [["id", 3], ["LIMIT", 1]]
  [1m[36mShortenedUrl Create (0.3ms)[0m  [1m[32mINSERT INTO "shortened_urls" ("long_link", "short_link", "user_id", "created_at", "updated_at") VALUES ($1, $2, $3, $4, $5) RETURNING "id"[0m  [["long_link", "www.facebook.com"], ["short_link", "IQA91yqc7GEibnyVLOJe-g"], ["user_id", 3], ["created_at", "2022-05-20 00:18:10.434392"], ["updated_at", "2022-05-20 00:18:10.434392"]]
  [1m[36mTRANSACTION (0.8ms)[0m  [1m[35mCOMMIT[0m
  [1m[36mShortenedUrl Load (0.3ms)[0m  [1m[34mSELECT "shortened_urls".* FROM "shortened_urls" /* loading for inspect */ LIMIT $1[0m  [["LIMIT", 11]]
  [1m[36mShortenedUrl Load (0.2ms)[0m  [1m[34mSELECT "shortened_urls".* FROM "shortened_urls" WHERE "shortened_urls"."user_id" = $1 /* loading for inspect */ LIMIT $2[0m  [["user_id", 2], ["LIMIT", 11]]
